[debug] [2021-07-17T04:00:11.216Z] ----------------------------------------------------------------------
[debug] [2021-07-17T04:00:11.217Z] Command:       C:\Program Files\nodejs\node.exe C:\Users\henry\AppData\Roaming\npm\node_modules\firebase-tools\lib\bin\firebase.js emulators:start --import=./ --export-on-exit=./
[debug] [2021-07-17T04:00:11.218Z] CLI Version:   9.16.0
[debug] [2021-07-17T04:00:11.218Z] Platform:      win32
[debug] [2021-07-17T04:00:11.218Z] Node Version:  v14.15.0
[debug] [2021-07-17T04:00:11.218Z] Time:          Sat Jul 17 2021 00:00:11 GMT-0400 (Eastern Daylight Time)
[debug] [2021-07-17T04:00:11.218Z] ----------------------------------------------------------------------
[debug] 
[debug] [2021-07-17T04:00:11.271Z] > command requires scopes: ["email","openid","https://www.googleapis.com/auth/cloudplatformprojects.readonly","https://www.googleapis.com/auth/firebase","https://www.googleapis.com/auth/cloud-platform"]
[debug] [2021-07-17T04:00:11.271Z] > authorizing via signed-in user (henryamsterfritz@gmail.com)
[info] i  emulators: Starting emulators: auth, functions, firestore, hosting, storage {"metadata":{"emulator":{"name":"hub"},"message":"Starting emulators: auth, functions, firestore, hosting, storage"}}
[debug] [2021-07-17T04:00:11.289Z] [hub] writing locator at C:\Users\henry\AppData\Local\Temp\hub-henryfritz-30302.json
[warn] !  functions: The following emulators are not running, calls to these services from the Functions emulator will affect production: database, pubsub {"metadata":{"emulator":{"name":"functions"},"message":"The following emulators are not running, calls to these services from the Functions emulator will affect production: \u001b[1mdatabase, pubsub\u001b[22m"}}
[info] +  functions: Using node@14 from host. {"metadata":{"emulator":{"name":"functions"},"message":"Using node@14 from host."}}
[debug] [2021-07-17T04:00:11.311Z] defaultcredentials: writing to file C:\Users\henry\AppData\Roaming\firebase\henryamsterfritz_gmail_com_application_default_credentials.json
[debug] [2021-07-17T04:00:11.312Z] Setting GAC to C:\Users\henry\AppData\Roaming\firebase\henryamsterfritz_gmail_com_application_default_credentials.json {"metadata":{"emulator":{"name":"functions"},"message":"Setting GAC to C:\\Users\\henry\\AppData\\Roaming\\firebase\\henryamsterfritz_gmail_com_application_default_credentials.json"}}
[debug] [2021-07-17T04:00:11.315Z] >>> [apiv2][query] GET https://firebase.googleapis.com/v1beta1/projects/henryfritz-30302/adminSdkConfig [none]
[debug] [2021-07-17T04:00:11.740Z] <<< [apiv2][status] GET https://firebase.googleapis.com/v1beta1/projects/henryfritz-30302/adminSdkConfig 200
[debug] [2021-07-17T04:00:11.740Z] <<< [apiv2][body] GET https://firebase.googleapis.com/v1beta1/projects/henryfritz-30302/adminSdkConfig {"projectId":"henryfritz-30302","databaseURL":"https://henryfritz-30302.firebaseio.com","storageBucket":"henryfritz-30302.appspot.com","locationId":"us-central"}
[info] i  firestore: Importing data from C:\Users\henry\Desktop\Web Projects\hfnyz\hfnyz\functions\firestore_export\firestore_export.overall_export_metadata {"metadata":{"emulator":{"name":"firestore"},"message":"Importing data from C:\\Users\\henry\\Desktop\\Web Projects\\hfnyz\\hfnyz\\functions\\firestore_export\\firestore_export.overall_export_metadata"}}
[debug] [2021-07-17T04:00:11.751Z] Ignoring unsupported arg: projectId {"metadata":{"emulator":{"name":"firestore"},"message":"Ignoring unsupported arg: projectId"}}
[debug] [2021-07-17T04:00:11.751Z] Ignoring unsupported arg: auto_download {"metadata":{"emulator":{"name":"firestore"},"message":"Ignoring unsupported arg: auto_download"}}
[debug] [2021-07-17T04:00:11.751Z] Starting Firestore Emulator with command {"binary":"java","args":["-Dgoogle.cloud_firestore.debug_log_level=FINE","-Duser.language=en","-jar","C:\\Users\\henry\\.cache\\firebase\\emulators\\cloud-firestore-emulator-v1.13.1.jar","--host","localhost","--port",8080,"--seed_from_export","C:\\Users\\henry\\Desktop\\Web Projects\\hfnyz\\hfnyz\\functions\\firestore_export\\firestore_export.overall_export_metadata","--rules","C:\\Users\\henry\\Desktop\\Web Projects\\hfnyz\\hfnyz\\firestore.rules","--functions_emulator","localhost:5001"],"optionalArgs":["port","webchannel_port","host","rules","functions_emulator","seed_from_export"],"joinArgs":false} {"metadata":{"emulator":{"name":"firestore"},"message":"Starting Firestore Emulator with command {\"binary\":\"java\",\"args\":[\"-Dgoogle.cloud_firestore.debug_log_level=FINE\",\"-Duser.language=en\",\"-jar\",\"C:\\\\Users\\\\henry\\\\.cache\\\\firebase\\\\emulators\\\\cloud-firestore-emulator-v1.13.1.jar\",\"--host\",\"localhost\",\"--port\",8080,\"--seed_from_export\",\"C:\\\\Users\\\\henry\\\\Desktop\\\\Web Projects\\\\hfnyz\\\\hfnyz\\\\functions\\\\firestore_export\\\\firestore_export.overall_export_metadata\",\"--rules\",\"C:\\\\Users\\\\henry\\\\Desktop\\\\Web Projects\\\\hfnyz\\\\hfnyz\\\\firestore.rules\",\"--functions_emulator\",\"localhost:5001\"],\"optionalArgs\":[\"port\",\"webchannel_port\",\"host\",\"rules\",\"functions_emulator\",\"seed_from_export\"],\"joinArgs\":false}"}}
[info] i  firestore: Firestore Emulator logging to firestore-debug.log {"metadata":{"emulator":{"name":"firestore"},"message":"Firestore Emulator logging to \u001b[1mfirestore-debug.log\u001b[22m"}}
[debug] [2021-07-17T04:00:13.127Z] Jul 17, 2021 12:00:13 AM com.google.cloud.datastore.emulator.firestore.websocket.WebSocketServer start
INFO: Started WebSocket server on ws://localhost:64822
 {"metadata":{"emulator":{"name":"firestore"},"message":"Jul 17, 2021 12:00:13 AM com.google.cloud.datastore.emulator.firestore.websocket.WebSocketServer start\r\nINFO: Started WebSocket server on ws://localhost:64822\r\n"}}
[debug] [2021-07-17T04:00:13.156Z] API endpoint: http://localhost:8080
 {"metadata":{"emulator":{"name":"firestore"},"message":"API endpoint: http://localhost:8080\n"}}
[debug] [2021-07-17T04:00:13.156Z] If you are using a library that supports the FIRESTORE_EMULATOR_HOST environment variable, run:

   export FIRESTORE_EMULATOR_HOST=localhost:8080

Dev App Server is now running.

 {"metadata":{"emulator":{"name":"firestore"},"message":"If you are using a library that supports the FIRESTORE_EMULATOR_HOST environment variable, run:\r\n\n   export FIRESTORE_EMULATOR_HOST=localhost:8080\n\nDev App Server is now running.\n\r\n"}}
[info] i  auth: Importing config from C:\Users\henry\Desktop\Web Projects\hfnyz\hfnyz\functions\auth_export\config.json {"metadata":{"emulator":{"name":"database"},"message":"Importing config from C:\\Users\\henry\\Desktop\\Web Projects\\hfnyz\\hfnyz\\functions\\auth_export\\config.json"}}
[info] i  auth: Importing accounts from C:\Users\henry\Desktop\Web Projects\hfnyz\hfnyz\functions\auth_export\accounts.json {"metadata":{"emulator":{"name":"database"},"message":"Importing accounts from C:\\Users\\henry\\Desktop\\Web Projects\\hfnyz\\hfnyz\\functions\\auth_export\\accounts.json"}}
[debug] [2021-07-17T04:00:15.561Z] Ignoring unsupported arg: port {"metadata":{"emulator":{"name":"storage"},"message":"Ignoring unsupported arg: port"}}
[debug] [2021-07-17T04:00:15.739Z] Temp file directory for storage emulator: C:\Users\henry\AppData\Local\Temp/firebase/storage/blobs {"metadata":{"emulator":{"name":"storage"},"message":"Temp file directory for storage emulator: C:\\Users\\henry\\AppData\\Local\\Temp/firebase/storage/blobs"}}
[debug] [2021-07-17T04:00:16.333Z] >>> [apiv2][query] GET https://firebasehosting.googleapis.com/v1beta1/projects/henryfritz-30302/sites 
[debug] [2021-07-17T04:00:16.771Z] <<< [apiv2][status] GET https://firebasehosting.googleapis.com/v1beta1/projects/henryfritz-30302/sites 200
[debug] [2021-07-17T04:00:16.771Z] <<< [apiv2][body] GET https://firebasehosting.googleapis.com/v1beta1/projects/henryfritz-30302/sites {"sites":[{"name":"projects/341982203008/sites/henryfritz-30302","defaultUrl":"https://henryfritz-30302.web.app","appId":"1:341982203008:web:c5cf7513c429c030b0ea65","type":"DEFAULT_SITE"},{"name":"projects/341982203008/sites/henryfritzxyz-int","defaultUrl":"https://henryfritzxyz-int.web.app","appId":"1:341982203008:web:1f0e1e3c371f87c1b0ea65","type":"USER_SITE"}]}
[debug] [2021-07-17T04:00:16.771Z] >>> [apiv2][query] GET https://firebase.googleapis.com/v1beta1/projects/henryfritz-30302/webApps/1:341982203008:web:c5cf7513c429c030b0ea65/config [none]
[debug] [2021-07-17T04:00:17.299Z] <<< [apiv2][status] GET https://firebase.googleapis.com/v1beta1/projects/henryfritz-30302/webApps/1:341982203008:web:c5cf7513c429c030b0ea65/config 200
[debug] [2021-07-17T04:00:17.299Z] <<< [apiv2][body] GET https://firebase.googleapis.com/v1beta1/projects/henryfritz-30302/webApps/1:341982203008:web:c5cf7513c429c030b0ea65/config {"projectId":"henryfritz-30302","appId":"1:341982203008:web:c5cf7513c429c030b0ea65","databaseURL":"https://henryfritz-30302.firebaseio.com","storageBucket":"henryfritz-30302.appspot.com","locationId":"us-central","apiKey":"AIzaSyBk9TVjG5eHYUbwm6e50fhQvpISSek-8Pg","authDomain":"henryfritz-30302.firebaseapp.com","messagingSenderId":"341982203008"}
[info] i  hosting: Serving hosting files from: public {"metadata":{"emulator":{"name":"hosting"},"message":"Serving hosting files from: \u001b[1mpublic\u001b[22m"}}
[info] +  hosting: Local server: http://localhost:5000 {"metadata":{"emulator":{"name":"hosting"},"message":"Local server: \u001b[4m\u001b[1mhttp://localhost:5000\u001b[22m\u001b[24m"}}
[warn] !  ui: Emulator UI unable to start on port 4000, starting on 4001 instead. {"metadata":{"emulator":{"name":"ui"},"message":"Emulator UI unable to start on port 4000, starting on 4001 instead."}}
[debug] [2021-07-17T04:00:17.334Z] Ignoring unsupported arg: auto_download {"metadata":{"emulator":{"name":"ui"},"message":"Ignoring unsupported arg: auto_download"}}
[debug] [2021-07-17T04:00:17.334Z] Ignoring unsupported arg: port {"metadata":{"emulator":{"name":"ui"},"message":"Ignoring unsupported arg: port"}}
[debug] [2021-07-17T04:00:17.334Z] Starting Emulator UI with command {"binary":"node","args":["C:\\Users\\henry\\.cache\\firebase\\emulators\\ui-v1.6.0\\server.bundle.js"],"optionalArgs":[],"joinArgs":false} {"metadata":{"emulator":{"name":"ui"},"message":"Starting Emulator UI with command {\"binary\":\"node\",\"args\":[\"C:\\\\Users\\\\henry\\\\.cache\\\\firebase\\\\emulators\\\\ui-v1.6.0\\\\server.bundle.js\"],\"optionalArgs\":[],\"joinArgs\":false}"}}
[info] i  ui: Emulator UI logging to ui-debug.log {"metadata":{"emulator":{"name":"ui"},"message":"Emulator UI logging to \u001b[1mui-debug.log\u001b[22m"}}
[debug] [2021-07-17T04:00:17.464Z] Web / API server started at localhost:4001
 {"metadata":{"emulator":{"name":"ui"},"message":"Web / API server started at localhost:4001\n"}}
[info] i  functions: Watching "C:\Users\henry\Desktop\Web Projects\hfnyz\hfnyz\functions" for Cloud Functions... {"metadata":{"emulator":{"name":"functions"},"message":"Watching \"C:\\Users\\henry\\Desktop\\Web Projects\\hfnyz\\hfnyz\\functions\" for Cloud Functions..."}}
[debug] [2021-07-17T04:00:17.607Z] [worker-pool] addWorker(~diagnostic~) {"metadata":{"emulator":{"name":"functions"},"message":"[worker-pool] addWorker(~diagnostic~)"}}
[debug] [2021-07-17T04:00:17.608Z] [worker-pool] Adding worker with key ~diagnostic~, total=1 {"metadata":{"emulator":{"name":"functions"},"message":"[worker-pool] Adding worker with key ~diagnostic~, total=1"}}
[debug] [2021-07-17T04:00:17.608Z] [worker-pool] submitWork(triggerId=) {"metadata":{"emulator":{"name":"functions"},"message":"[worker-pool] submitWork(triggerId=)"}}
[debug] [2021-07-17T04:00:17.608Z] [worker-~diagnostic~-bd5b038a-606b-495f-8a5e-6b66bf38cf58]: Assigning socketPath: \\?\pipe\C:\Users\henry\Desktop\Web Projects\hfnyz\hfnyz\functions\15796 {"metadata":{"emulator":{"name":"functions"},"message":"[worker-~diagnostic~-bd5b038a-606b-495f-8a5e-6b66bf38cf58]: Assigning socketPath: \\\\?\\pipe\\C:\\Users\\henry\\Desktop\\Web Projects\\hfnyz\\hfnyz\\functions\\15796"}}
[debug] [2021-07-17T04:00:17.608Z] [worker-~diagnostic~-bd5b038a-606b-495f-8a5e-6b66bf38cf58]: BUSY {"metadata":{"emulator":{"name":"functions"},"message":"[worker-~diagnostic~-bd5b038a-606b-495f-8a5e-6b66bf38cf58]: BUSY"}}
[debug] [2021-07-17T04:00:17.814Z] [runtime-status] [15796] Functions runtime initialized. {"cwd":"C:\\Users\\henry\\Desktop\\Web Projects\\hfnyz\\hfnyz\\functions","node_version":"14.15.0"} {"metadata":{"emulator":{"name":"functions"},"message":"[runtime-status] [15796] Functions runtime initialized. {\"cwd\":\"C:\\\\Users\\\\henry\\\\Desktop\\\\Web Projects\\\\hfnyz\\\\hfnyz\\\\functions\",\"node_version\":\"14.15.0\"}"}}
[debug] [2021-07-17T04:00:17.814Z] [runtime-status] [15796] Disabled runtime features: undefined {"metadata":{"emulator":{"name":"functions"},"message":"[runtime-status] [15796] Disabled runtime features: undefined"}}
[debug] [2021-07-17T04:00:17.816Z] [runtime-status] [15796] Resolved module firebase-admin {"declared":true,"installed":true,"version":"9.10.0","resolution":"C:\\Users\\henry\\Desktop\\Web Projects\\hfnyz\\hfnyz\\functions\\node_modules\\firebase-admin\\lib\\index.js"} {"metadata":{"emulator":{"name":"functions"},"message":"[runtime-status] [15796] Resolved module firebase-admin {\"declared\":true,\"installed\":true,\"version\":\"9.10.0\",\"resolution\":\"C:\\\\Users\\\\henry\\\\Desktop\\\\Web Projects\\\\hfnyz\\\\hfnyz\\\\functions\\\\node_modules\\\\firebase-admin\\\\lib\\\\index.js\"}"}}
[debug] [2021-07-17T04:00:17.818Z] [runtime-status] [15796] Resolved module firebase-functions {"declared":true,"installed":true,"version":"3.14.1","resolution":"C:\\Users\\henry\\Desktop\\Web Projects\\hfnyz\\hfnyz\\functions\\node_modules\\firebase-functions\\lib\\index.js"} {"metadata":{"emulator":{"name":"functions"},"message":"[runtime-status] [15796] Resolved module firebase-functions {\"declared\":true,\"installed\":true,\"version\":\"3.14.1\",\"resolution\":\"C:\\\\Users\\\\henry\\\\Desktop\\\\Web Projects\\\\hfnyz\\\\hfnyz\\\\functions\\\\node_modules\\\\firebase-functions\\\\lib\\\\index.js\"}"}}
[debug] [2021-07-17T04:00:17.820Z] [runtime-status] [15796] Resolved module firebase-functions {"declared":true,"installed":true,"version":"3.14.1","resolution":"C:\\Users\\henry\\Desktop\\Web Projects\\hfnyz\\hfnyz\\functions\\node_modules\\firebase-functions\\lib\\index.js"} {"metadata":{"emulator":{"name":"functions"},"message":"[runtime-status] [15796] Resolved module firebase-functions {\"declared\":true,\"installed\":true,\"version\":\"3.14.1\",\"resolution\":\"C:\\\\Users\\\\henry\\\\Desktop\\\\Web Projects\\\\hfnyz\\\\hfnyz\\\\functions\\\\node_modules\\\\firebase-functions\\\\lib\\\\index.js\"}"}}
[debug] [2021-07-17T04:00:17.822Z] [runtime-status] [15796] Outgoing network have been stubbed. [{"name":"http","status":"mocked"},{"name":"http","status":"mocked"},{"name":"https","status":"mocked"},{"name":"https","status":"mocked"},{"name":"net","status":"mocked"}] {"metadata":{"emulator":{"name":"functions"},"message":"[runtime-status] [15796] Outgoing network have been stubbed. [{\"name\":\"http\",\"status\":\"mocked\"},{\"name\":\"http\",\"status\":\"mocked\"},{\"name\":\"https\",\"status\":\"mocked\"},{\"name\":\"https\",\"status\":\"mocked\"},{\"name\":\"net\",\"status\":\"mocked\"}]"}}
[debug] [2021-07-17T04:00:17.823Z] [runtime-status] [15796] Resolved module firebase-functions {"declared":true,"installed":true,"version":"3.14.1","resolution":"C:\\Users\\henry\\Desktop\\Web Projects\\hfnyz\\hfnyz\\functions\\node_modules\\firebase-functions\\lib\\index.js"} {"metadata":{"emulator":{"name":"functions"},"message":"[runtime-status] [15796] Resolved module firebase-functions {\"declared\":true,\"installed\":true,\"version\":\"3.14.1\",\"resolution\":\"C:\\\\Users\\\\henry\\\\Desktop\\\\Web Projects\\\\hfnyz\\\\hfnyz\\\\functions\\\\node_modules\\\\firebase-functions\\\\lib\\\\index.js\"}"}}
[debug] [2021-07-17T04:00:17.880Z] [runtime-status] [15796] Checked functions.config() {"config":{}} {"metadata":{"emulator":{"name":"functions"},"message":"[runtime-status] [15796] Checked functions.config() {\"config\":{}}"}}
[debug] [2021-07-17T04:00:17.881Z] [runtime-status] [15796] firebase-functions has been stubbed. {"functionsResolution":{"declared":true,"installed":true,"version":"3.14.1","resolution":"C:\\Users\\henry\\Desktop\\Web Projects\\hfnyz\\hfnyz\\functions\\node_modules\\firebase-functions\\lib\\index.js"}} {"metadata":{"emulator":{"name":"functions"},"message":"[runtime-status] [15796] firebase-functions has been stubbed. {\"functionsResolution\":{\"declared\":true,\"installed\":true,\"version\":\"3.14.1\",\"resolution\":\"C:\\\\Users\\\\henry\\\\Desktop\\\\Web Projects\\\\hfnyz\\\\hfnyz\\\\functions\\\\node_modules\\\\firebase-functions\\\\lib\\\\index.js\"}}"}}
[debug] [2021-07-17T04:00:17.881Z] [runtime-status] [15796] Resolved module firebase-functions {"declared":true,"installed":true,"version":"3.14.1","resolution":"C:\\Users\\henry\\Desktop\\Web Projects\\hfnyz\\hfnyz\\functions\\node_modules\\firebase-functions\\lib\\index.js"} {"metadata":{"emulator":{"name":"functions"},"message":"[runtime-status] [15796] Resolved module firebase-functions {\"declared\":true,\"installed\":true,\"version\":\"3.14.1\",\"resolution\":\"C:\\\\Users\\\\henry\\\\Desktop\\\\Web Projects\\\\hfnyz\\\\hfnyz\\\\functions\\\\node_modules\\\\firebase-functions\\\\lib\\\\index.js\"}"}}
[debug] [2021-07-17T04:00:17.883Z] [runtime-status] [15796] Resolved module firebase-admin {"declared":true,"installed":true,"version":"9.10.0","resolution":"C:\\Users\\henry\\Desktop\\Web Projects\\hfnyz\\hfnyz\\functions\\node_modules\\firebase-admin\\lib\\index.js"} {"metadata":{"emulator":{"name":"functions"},"message":"[runtime-status] [15796] Resolved module firebase-admin {\"declared\":true,\"installed\":true,\"version\":\"9.10.0\",\"resolution\":\"C:\\\\Users\\\\henry\\\\Desktop\\\\Web Projects\\\\hfnyz\\\\hfnyz\\\\functions\\\\node_modules\\\\firebase-admin\\\\lib\\\\index.js\"}"}}
[debug] [2021-07-17T04:00:17.883Z] [runtime-status] [15796] Resolved module firebase-functions {"declared":true,"installed":true,"version":"3.14.1","resolution":"C:\\Users\\henry\\Desktop\\Web Projects\\hfnyz\\hfnyz\\functions\\node_modules\\firebase-functions\\lib\\index.js"} {"metadata":{"emulator":{"name":"functions"},"message":"[runtime-status] [15796] Resolved module firebase-functions {\"declared\":true,\"installed\":true,\"version\":\"3.14.1\",\"resolution\":\"C:\\\\Users\\\\henry\\\\Desktop\\\\Web Projects\\\\hfnyz\\\\hfnyz\\\\functions\\\\node_modules\\\\firebase-functions\\\\lib\\\\index.js\"}"}}
[debug] [2021-07-17T04:00:17.884Z] [runtime-status] [15796] firebase-admin has been stubbed. {"adminResolution":{"declared":true,"installed":true,"version":"9.10.0","resolution":"C:\\Users\\henry\\Desktop\\Web Projects\\hfnyz\\hfnyz\\functions\\node_modules\\firebase-admin\\lib\\index.js"}} {"metadata":{"emulator":{"name":"functions"},"message":"[runtime-status] [15796] firebase-admin has been stubbed. {\"adminResolution\":{\"declared\":true,\"installed\":true,\"version\":\"9.10.0\",\"resolution\":\"C:\\\\Users\\\\henry\\\\Desktop\\\\Web Projects\\\\hfnyz\\\\hfnyz\\\\functions\\\\node_modules\\\\firebase-admin\\\\lib\\\\index.js\"}}"}}
[debug] [2021-07-17T04:00:17.909Z] [runtime-status] [15796] initializeApp(DEFAULT) {"storageBucket":"henryfritz-30302.appspot.com","databaseURL":"https://henryfritz-30302.firebaseio.com","projectId":"henryfritz-30302"} {"metadata":{"emulator":{"name":"functions"},"message":"[runtime-status] [15796] initializeApp(DEFAULT) {\"storageBucket\":\"henryfritz-30302.appspot.com\",\"databaseURL\":\"https://henryfritz-30302.firebaseio.com\",\"projectId\":\"henryfritz-30302\"}"}}
[info] +  functions[us-central1-getInstagramFeed]: http function initialized (http://localhost:5001/henryfritz-30302/us-central1/getInstagramFeed). {"metadata":{"emulator":{"name":"functions"},"message":"\u001b[1mhttp\u001b[22m function initialized (http://localhost:5001/henryfritz-30302/us-central1/getInstagramFeed)."}}
[info] +  functions[us-central1-submitInquiry]: http function initialized (http://localhost:5001/henryfritz-30302/us-central1/submitInquiry). {"metadata":{"emulator":{"name":"functions"},"message":"\u001b[1mhttp\u001b[22m function initialized (http://localhost:5001/henryfritz-30302/us-central1/submitInquiry)."}}
[info] +  functions[us-central1-submitBugReport]: http function initialized (http://localhost:5001/henryfritz-30302/us-central1/submitBugReport). {"metadata":{"emulator":{"name":"functions"},"message":"\u001b[1mhttp\u001b[22m function initialized (http://localhost:5001/henryfritz-30302/us-central1/submitBugReport)."}}
[info] 
┌─────────────────────────────────────────────────────────────┐
│ ✔  All emulators ready! It is now safe to connect your app. │
│ i  View Emulator UI at http://localhost:4001                │
└─────────────────────────────────────────────────────────────┘

┌────────────────┬────────────────┬─────────────────────────────────┐
│ Emulator       │ Host:Port      │ View in Emulator UI             │
├────────────────┼────────────────┼─────────────────────────────────┤
│ Authentication │ localhost:9099 │ http://localhost:4001/auth      │
├────────────────┼────────────────┼─────────────────────────────────┤
│ Functions      │ localhost:5001 │ http://localhost:4001/functions │
├────────────────┼────────────────┼─────────────────────────────────┤
│ Firestore      │ localhost:8080 │ http://localhost:4001/firestore │
├────────────────┼────────────────┼─────────────────────────────────┤
│ Hosting        │ localhost:5000 │ n/a                             │
├────────────────┼────────────────┼─────────────────────────────────┤
│ Storage        │ localhost:9199 │ http://localhost:4001/storage   │
└────────────────┴────────────────┴─────────────────────────────────┘
  Emulator Hub running at localhost:4400
  Other reserved ports: 4500

Issues? Report them at https://github.com/firebase/firebase-tools/issues and attach the *-debug.log files.
 
[debug] [2021-07-17T04:00:17.924Z] [worker-~diagnostic~-bd5b038a-606b-495f-8a5e-6b66bf38cf58]: IDLE {"metadata":{"emulator":{"name":"functions"},"message":"[worker-~diagnostic~-bd5b038a-606b-495f-8a5e-6b66bf38cf58]: IDLE"}}
[debug] [2021-07-17T04:12:14.577Z] Jul 17, 2021 12:12:14 AM io.gapi.emulators.netty.HttpVersionRoutingHandler channelRead
INFO: Detected non-HTTP/2 connection.
 {"metadata":{"emulator":{"name":"firestore"},"message":"Jul 17, 2021 12:12:14 AM io.gapi.emulators.netty.HttpVersionRoutingHandler channelRead\r\nINFO: Detected non-HTTP/2 connection.\r\n"}}
[debug] [2021-07-17T04:12:15.264Z] Jul 17, 2021 12:12:15 AM io.gapi.emulators.netty.HttpVersionRoutingHandler channelRead
INFO: Detected non-HTTP/2 connection.
 {"metadata":{"emulator":{"name":"firestore"},"message":"Jul 17, 2021 12:12:15 AM io.gapi.emulators.netty.HttpVersionRoutingHandler channelRead\r\nINFO: Detected non-HTTP/2 connection.\r\n"}}
[debug] [2021-07-17T04:12:15.590Z] Jul 17, 2021 12:12:15 AM io.gapi.emulators.netty.HttpVersionRoutingHandler channelRead
INFO: Detected non-HTTP/2 connection.
 {"metadata":{"emulator":{"name":"firestore"},"message":"Jul 17, 2021 12:12:15 AM io.gapi.emulators.netty.HttpVersionRoutingHandler channelRead\r\nINFO: Detected non-HTTP/2 connection.\r\n"}}
[debug] [2021-07-17T04:12:19.632Z] [work-queue] {"queueLength":1,"workRunningCount":0}
[debug] [2021-07-17T04:12:19.633Z] [work-queue] {"queueLength":0,"workRunningCount":1}
[debug] [2021-07-17T04:12:19.633Z] Accepted request OPTIONS /henryfritz-30302/us-central1/getInstagramFeed --> us-central1-getInstagramFeed
[debug] [2021-07-17T04:12:19.642Z] [worker-pool] addWorker(us-central1-getInstagramFeed) {"metadata":{"emulator":{"name":"functions"},"message":"[worker-pool] addWorker(us-central1-getInstagramFeed)"}}
[debug] [2021-07-17T04:12:19.643Z] [worker-pool] Adding worker with key us-central1-getInstagramFeed, total=1 {"metadata":{"emulator":{"name":"functions"},"message":"[worker-pool] Adding worker with key us-central1-getInstagramFeed, total=1"}}
[debug] [2021-07-17T04:12:19.643Z] [worker-pool] submitWork(triggerId=us-central1-getInstagramFeed) {"metadata":{"emulator":{"name":"functions"},"message":"[worker-pool] submitWork(triggerId=us-central1-getInstagramFeed)"}}
[debug] [2021-07-17T04:12:19.643Z] [worker-us-central1-getInstagramFeed-9f5acf79-9fba-4b5e-b51e-9c2fe56d6427]: Assigning socketPath: \\?\pipe\C:\Users\henry\Desktop\Web Projects\hfnyz\hfnyz\functions\22144 {"metadata":{"emulator":{"name":"functions"},"message":"[worker-us-central1-getInstagramFeed-9f5acf79-9fba-4b5e-b51e-9c2fe56d6427]: Assigning socketPath: \\\\?\\pipe\\C:\\Users\\henry\\Desktop\\Web Projects\\hfnyz\\hfnyz\\functions\\22144"}}
[debug] [2021-07-17T04:12:19.643Z] [worker-us-central1-getInstagramFeed-9f5acf79-9fba-4b5e-b51e-9c2fe56d6427]: BUSY {"metadata":{"emulator":{"name":"functions"},"message":"[worker-us-central1-getInstagramFeed-9f5acf79-9fba-4b5e-b51e-9c2fe56d6427]: BUSY"}}
[debug] [2021-07-17T04:12:19.869Z] [runtime-status] [22144] Functions runtime initialized. {"cwd":"C:\\Users\\henry\\Desktop\\Web Projects\\hfnyz\\hfnyz\\functions","node_version":"14.15.0"} {"metadata":{"emulator":{"name":"functions"},"function":{"name":"us-central1-getInstagramFeed"},"message":"[runtime-status] [22144] Functions runtime initialized. {\"cwd\":\"C:\\\\Users\\\\henry\\\\Desktop\\\\Web Projects\\\\hfnyz\\\\hfnyz\\\\functions\",\"node_version\":\"14.15.0\"}"}}
[debug] [2021-07-17T04:12:19.870Z] [runtime-status] [22144] Disabled runtime features: undefined {"metadata":{"emulator":{"name":"functions"},"function":{"name":"us-central1-getInstagramFeed"},"message":"[runtime-status] [22144] Disabled runtime features: undefined"}}
[debug] [2021-07-17T04:12:19.873Z] [runtime-status] [22144] Resolved module firebase-admin {"declared":true,"installed":true,"version":"9.10.0","resolution":"C:\\Users\\henry\\Desktop\\Web Projects\\hfnyz\\hfnyz\\functions\\node_modules\\firebase-admin\\lib\\index.js"} {"metadata":{"emulator":{"name":"functions"},"function":{"name":"us-central1-getInstagramFeed"},"message":"[runtime-status] [22144] Resolved module firebase-admin {\"declared\":true,\"installed\":true,\"version\":\"9.10.0\",\"resolution\":\"C:\\\\Users\\\\henry\\\\Desktop\\\\Web Projects\\\\hfnyz\\\\hfnyz\\\\functions\\\\node_modules\\\\firebase-admin\\\\lib\\\\index.js\"}"}}
[debug] [2021-07-17T04:12:19.874Z] [runtime-status] [22144] Resolved module firebase-functions {"declared":true,"installed":true,"version":"3.14.1","resolution":"C:\\Users\\henry\\Desktop\\Web Projects\\hfnyz\\hfnyz\\functions\\node_modules\\firebase-functions\\lib\\index.js"} {"metadata":{"emulator":{"name":"functions"},"function":{"name":"us-central1-getInstagramFeed"},"message":"[runtime-status] [22144] Resolved module firebase-functions {\"declared\":true,\"installed\":true,\"version\":\"3.14.1\",\"resolution\":\"C:\\\\Users\\\\henry\\\\Desktop\\\\Web Projects\\\\hfnyz\\\\hfnyz\\\\functions\\\\node_modules\\\\firebase-functions\\\\lib\\\\index.js\"}"}}
[debug] [2021-07-17T04:12:19.875Z] [runtime-status] [22144] Resolved module firebase-functions {"declared":true,"installed":true,"version":"3.14.1","resolution":"C:\\Users\\henry\\Desktop\\Web Projects\\hfnyz\\hfnyz\\functions\\node_modules\\firebase-functions\\lib\\index.js"} {"metadata":{"emulator":{"name":"functions"},"function":{"name":"us-central1-getInstagramFeed"},"message":"[runtime-status] [22144] Resolved module firebase-functions {\"declared\":true,\"installed\":true,\"version\":\"3.14.1\",\"resolution\":\"C:\\\\Users\\\\henry\\\\Desktop\\\\Web Projects\\\\hfnyz\\\\hfnyz\\\\functions\\\\node_modules\\\\firebase-functions\\\\lib\\\\index.js\"}"}}
[debug] [2021-07-17T04:12:19.876Z] [runtime-status] [22144] Outgoing network have been stubbed. [{"name":"http","status":"mocked"},{"name":"http","status":"mocked"},{"name":"https","status":"mocked"},{"name":"https","status":"mocked"},{"name":"net","status":"mocked"}] {"metadata":{"emulator":{"name":"functions"},"function":{"name":"us-central1-getInstagramFeed"},"message":"[runtime-status] [22144] Outgoing network have been stubbed. [{\"name\":\"http\",\"status\":\"mocked\"},{\"name\":\"http\",\"status\":\"mocked\"},{\"name\":\"https\",\"status\":\"mocked\"},{\"name\":\"https\",\"status\":\"mocked\"},{\"name\":\"net\",\"status\":\"mocked\"}]"}}
[debug] [2021-07-17T04:12:19.876Z] [runtime-status] [22144] Resolved module firebase-functions {"declared":true,"installed":true,"version":"3.14.1","resolution":"C:\\Users\\henry\\Desktop\\Web Projects\\hfnyz\\hfnyz\\functions\\node_modules\\firebase-functions\\lib\\index.js"} {"metadata":{"emulator":{"name":"functions"},"function":{"name":"us-central1-getInstagramFeed"},"message":"[runtime-status] [22144] Resolved module firebase-functions {\"declared\":true,\"installed\":true,\"version\":\"3.14.1\",\"resolution\":\"C:\\\\Users\\\\henry\\\\Desktop\\\\Web Projects\\\\hfnyz\\\\hfnyz\\\\functions\\\\node_modules\\\\firebase-functions\\\\lib\\\\index.js\"}"}}
[debug] [2021-07-17T04:12:19.923Z] [runtime-status] [22144] Checked functions.config() {"config":{}} {"metadata":{"emulator":{"name":"functions"},"function":{"name":"us-central1-getInstagramFeed"},"message":"[runtime-status] [22144] Checked functions.config() {\"config\":{}}"}}
[debug] [2021-07-17T04:12:19.923Z] [runtime-status] [22144] firebase-functions has been stubbed. {"functionsResolution":{"declared":true,"installed":true,"version":"3.14.1","resolution":"C:\\Users\\henry\\Desktop\\Web Projects\\hfnyz\\hfnyz\\functions\\node_modules\\firebase-functions\\lib\\index.js"}} {"metadata":{"emulator":{"name":"functions"},"function":{"name":"us-central1-getInstagramFeed"},"message":"[runtime-status] [22144] firebase-functions has been stubbed. {\"functionsResolution\":{\"declared\":true,\"installed\":true,\"version\":\"3.14.1\",\"resolution\":\"C:\\\\Users\\\\henry\\\\Desktop\\\\Web Projects\\\\hfnyz\\\\hfnyz\\\\functions\\\\node_modules\\\\firebase-functions\\\\lib\\\\index.js\"}}"}}
[debug] [2021-07-17T04:12:19.923Z] [runtime-status] [22144] Resolved module firebase-functions {"declared":true,"installed":true,"version":"3.14.1","resolution":"C:\\Users\\henry\\Desktop\\Web Projects\\hfnyz\\hfnyz\\functions\\node_modules\\firebase-functions\\lib\\index.js"} {"metadata":{"emulator":{"name":"functions"},"function":{"name":"us-central1-getInstagramFeed"},"message":"[runtime-status] [22144] Resolved module firebase-functions {\"declared\":true,\"installed\":true,\"version\":\"3.14.1\",\"resolution\":\"C:\\\\Users\\\\henry\\\\Desktop\\\\Web Projects\\\\hfnyz\\\\hfnyz\\\\functions\\\\node_modules\\\\firebase-functions\\\\lib\\\\index.js\"}"}}
[debug] [2021-07-17T04:12:19.924Z] [runtime-status] [22144] Resolved module firebase-admin {"declared":true,"installed":true,"version":"9.10.0","resolution":"C:\\Users\\henry\\Desktop\\Web Projects\\hfnyz\\hfnyz\\functions\\node_modules\\firebase-admin\\lib\\index.js"} {"metadata":{"emulator":{"name":"functions"},"function":{"name":"us-central1-getInstagramFeed"},"message":"[runtime-status] [22144] Resolved module firebase-admin {\"declared\":true,\"installed\":true,\"version\":\"9.10.0\",\"resolution\":\"C:\\\\Users\\\\henry\\\\Desktop\\\\Web Projects\\\\hfnyz\\\\hfnyz\\\\functions\\\\node_modules\\\\firebase-admin\\\\lib\\\\index.js\"}"}}
[debug] [2021-07-17T04:12:19.925Z] [runtime-status] [22144] Resolved module firebase-functions {"declared":true,"installed":true,"version":"3.14.1","resolution":"C:\\Users\\henry\\Desktop\\Web Projects\\hfnyz\\hfnyz\\functions\\node_modules\\firebase-functions\\lib\\index.js"} {"metadata":{"emulator":{"name":"functions"},"function":{"name":"us-central1-getInstagramFeed"},"message":"[runtime-status] [22144] Resolved module firebase-functions {\"declared\":true,\"installed\":true,\"version\":\"3.14.1\",\"resolution\":\"C:\\\\Users\\\\henry\\\\Desktop\\\\Web Projects\\\\hfnyz\\\\hfnyz\\\\functions\\\\node_modules\\\\firebase-functions\\\\lib\\\\index.js\"}"}}
[debug] [2021-07-17T04:12:19.925Z] [runtime-status] [22144] firebase-admin has been stubbed. {"adminResolution":{"declared":true,"installed":true,"version":"9.10.0","resolution":"C:\\Users\\henry\\Desktop\\Web Projects\\hfnyz\\hfnyz\\functions\\node_modules\\firebase-admin\\lib\\index.js"}} {"metadata":{"emulator":{"name":"functions"},"function":{"name":"us-central1-getInstagramFeed"},"message":"[runtime-status] [22144] firebase-admin has been stubbed. {\"adminResolution\":{\"declared\":true,\"installed\":true,\"version\":\"9.10.0\",\"resolution\":\"C:\\\\Users\\\\henry\\\\Desktop\\\\Web Projects\\\\hfnyz\\\\hfnyz\\\\functions\\\\node_modules\\\\firebase-admin\\\\lib\\\\index.js\"}}"}}
[debug] [2021-07-17T04:12:19.950Z] [runtime-status] [22144] initializeApp(DEFAULT) {"storageBucket":"henryfritz-30302.appspot.com","databaseURL":"https://henryfritz-30302.firebaseio.com","projectId":"henryfritz-30302"} {"metadata":{"emulator":{"name":"functions"},"function":{"name":"us-central1-getInstagramFeed"},"message":"[runtime-status] [22144] initializeApp(DEFAULT) {\"storageBucket\":\"henryfritz-30302.appspot.com\",\"databaseURL\":\"https://henryfritz-30302.firebaseio.com\",\"projectId\":\"henryfritz-30302\"}"}}
[debug] [2021-07-17T04:12:19.952Z] [runtime-status] [22144] Trigger "us-central1-getInstagramFeed" has been found, beginning invocation! {"metadata":{"emulator":{"name":"functions"},"function":{"name":"us-central1-getInstagramFeed"},"message":"[runtime-status] [22144] Trigger \"us-central1-getInstagramFeed\" has been found, beginning invocation!"}}
[info] i  functions: Beginning execution of "us-central1-getInstagramFeed" {"metadata":{"emulator":{"name":"functions"},"function":{"name":"us-central1-getInstagramFeed"},"message":"Beginning execution of \"us-central1-getInstagramFeed\""}}
[debug] [2021-07-17T04:12:19.953Z] [runtime-status] [22144] triggerDefinition {"httpsTrigger":{},"name":"getInstagramFeed","entryPoint":"getInstagramFeed","regions":["us-central1"],"region":"us-central1","id":"us-central1-getInstagramFeed"} {"metadata":{"emulator":{"name":"functions"},"function":{"name":"us-central1-getInstagramFeed"},"message":"[runtime-status] [22144] triggerDefinition {\"httpsTrigger\":{},\"name\":\"getInstagramFeed\",\"entryPoint\":\"getInstagramFeed\",\"regions\":[\"us-central1\"],\"region\":\"us-central1\",\"id\":\"us-central1-getInstagramFeed\"}"}}
[debug] [2021-07-17T04:12:19.953Z] [runtime-status] [22144] Running us-central1-getInstagramFeed in mode HTTPS {"metadata":{"emulator":{"name":"functions"},"function":{"name":"us-central1-getInstagramFeed"},"message":"[runtime-status] [22144] Running us-central1-getInstagramFeed in mode HTTPS"}}
[debug] [2021-07-17T04:12:19.957Z] [runtime-status] [22144] Attempting to listen to socketPath: \\?\pipe\C:\Users\henry\Desktop\Web Projects\hfnyz\hfnyz\functions\22144 {"metadata":{"emulator":{"name":"functions"},"function":{"name":"us-central1-getInstagramFeed"},"message":"[runtime-status] [22144] Attempting to listen to socketPath: \\\\?\\pipe\\C:\\Users\\henry\\Desktop\\Web Projects\\hfnyz\\hfnyz\\functions\\22144"}}
[debug] [2021-07-17T04:12:19.959Z] [functions] Runtime ready! Sending request! {"metadata":{"emulator":{"name":"functions"},"message":"[functions] Runtime ready! Sending request!"}}
[debug] [2021-07-17T04:12:19.959Z] [functions] Got req.url=/henryfritz-30302/us-central1/getInstagramFeed, mapping to path=/ {"metadata":{"emulator":{"name":"functions"},"message":"[functions] Got req.url=/henryfritz-30302/us-central1/getInstagramFeed, mapping to path=/"}}
[debug] [2021-07-17T04:12:19.966Z] [runtime-status] [22144] Ephemeral server handling OPTIONS request {"metadata":{"emulator":{"name":"functions"},"function":{"name":"us-central1-getInstagramFeed"},"message":"[runtime-status] [22144] Ephemeral server handling OPTIONS request"}}
[info] >  {"severity":"INFO","message":"Retrieving instagram feed\n  [\n    null,\n    null,\n    {}\n]"} {"user":{"severity":"INFO","message":"Retrieving instagram feed\n  [\n    null,\n    null,\n    {}\n]"},"metadata":{"emulator":{"name":"functions"},"function":{"name":"us-central1-getInstagramFeed"},"message":"\u001b[90m> \u001b[39m {\"severity\":\"INFO\",\"message\":\"Retrieving instagram feed\\n  [\\n    null,\\n    null,\\n    {}\\n]\"}"}}
[debug] [2021-07-17T04:12:19.973Z] [runtime-status] [22144] Ephemeral server survived. {"metadata":{"emulator":{"name":"functions"},"function":{"name":"us-central1-getInstagramFeed"},"message":"[runtime-status] [22144] Ephemeral server survived."}}
[debug] [2021-07-17T04:12:19.974Z] [work-queue] {"queueLength":1,"workRunningCount":1}
[debug] [2021-07-17T04:12:19.975Z] [work-queue] {"queueLength":0,"workRunningCount":2}
[debug] [2021-07-17T04:12:19.975Z] Accepted request POST /henryfritz-30302/us-central1/getInstagramFeed --> us-central1-getInstagramFeed
[debug] [2021-07-17T04:12:19.986Z] [worker-pool] addWorker(us-central1-getInstagramFeed) {"metadata":{"emulator":{"name":"functions"},"message":"[worker-pool] addWorker(us-central1-getInstagramFeed)"}}
[debug] [2021-07-17T04:12:19.986Z] [worker-pool] Adding worker with key us-central1-getInstagramFeed, total=2 {"metadata":{"emulator":{"name":"functions"},"message":"[worker-pool] Adding worker with key us-central1-getInstagramFeed, total=2"}}
[debug] [2021-07-17T04:12:19.987Z] [worker-pool] submitWork(triggerId=us-central1-getInstagramFeed) {"metadata":{"emulator":{"name":"functions"},"message":"[worker-pool] submitWork(triggerId=us-central1-getInstagramFeed)"}}
[debug] [2021-07-17T04:12:19.987Z] [worker-us-central1-getInstagramFeed-9c9d24d7-7b73-4527-8811-0604c3c69f64]: Assigning socketPath: \\?\pipe\C:\Users\henry\Desktop\Web Projects\hfnyz\hfnyz\functions\5744 {"metadata":{"emulator":{"name":"functions"},"message":"[worker-us-central1-getInstagramFeed-9c9d24d7-7b73-4527-8811-0604c3c69f64]: Assigning socketPath: \\\\?\\pipe\\C:\\Users\\henry\\Desktop\\Web Projects\\hfnyz\\hfnyz\\functions\\5744"}}
[debug] [2021-07-17T04:12:19.987Z] [worker-us-central1-getInstagramFeed-9c9d24d7-7b73-4527-8811-0604c3c69f64]: BUSY {"metadata":{"emulator":{"name":"functions"},"message":"[worker-us-central1-getInstagramFeed-9c9d24d7-7b73-4527-8811-0604c3c69f64]: BUSY"}}
[info] i  functions: Finished "us-central1-getInstagramFeed" in ~1s {"metadata":{"emulator":{"name":"functions"},"function":{"name":"us-central1-getInstagramFeed"},"message":"Finished \"us-central1-getInstagramFeed\" in ~1s"}}
[debug] [2021-07-17T04:12:19.988Z] [worker-us-central1-getInstagramFeed-9f5acf79-9fba-4b5e-b51e-9c2fe56d6427]: IDLE {"metadata":{"emulator":{"name":"functions"},"message":"[worker-us-central1-getInstagramFeed-9f5acf79-9fba-4b5e-b51e-9c2fe56d6427]: IDLE"}}
[debug] [2021-07-17T04:12:19.989Z] [work-queue] {"queueLength":0,"workRunningCount":1}
[debug] [2021-07-17T04:12:20.227Z] [runtime-status] [5744] Functions runtime initialized. {"cwd":"C:\\Users\\henry\\Desktop\\Web Projects\\hfnyz\\hfnyz\\functions","node_version":"14.15.0"} {"metadata":{"emulator":{"name":"functions"},"function":{"name":"us-central1-getInstagramFeed"},"message":"[runtime-status] [5744] Functions runtime initialized. {\"cwd\":\"C:\\\\Users\\\\henry\\\\Desktop\\\\Web Projects\\\\hfnyz\\\\hfnyz\\\\functions\",\"node_version\":\"14.15.0\"}"}}
[debug] [2021-07-17T04:12:20.228Z] [runtime-status] [5744] Disabled runtime features: undefined {"metadata":{"emulator":{"name":"functions"},"function":{"name":"us-central1-getInstagramFeed"},"message":"[runtime-status] [5744] Disabled runtime features: undefined"}}
[debug] [2021-07-17T04:12:20.231Z] [runtime-status] [5744] Resolved module firebase-admin {"declared":true,"installed":true,"version":"9.10.0","resolution":"C:\\Users\\henry\\Desktop\\Web Projects\\hfnyz\\hfnyz\\functions\\node_modules\\firebase-admin\\lib\\index.js"} {"metadata":{"emulator":{"name":"functions"},"function":{"name":"us-central1-getInstagramFeed"},"message":"[runtime-status] [5744] Resolved module firebase-admin {\"declared\":true,\"installed\":true,\"version\":\"9.10.0\",\"resolution\":\"C:\\\\Users\\\\henry\\\\Desktop\\\\Web Projects\\\\hfnyz\\\\hfnyz\\\\functions\\\\node_modules\\\\firebase-admin\\\\lib\\\\index.js\"}"}}
[debug] [2021-07-17T04:12:20.233Z] [runtime-status] [5744] Resolved module firebase-functions {"declared":true,"installed":true,"version":"3.14.1","resolution":"C:\\Users\\henry\\Desktop\\Web Projects\\hfnyz\\hfnyz\\functions\\node_modules\\firebase-functions\\lib\\index.js"} {"metadata":{"emulator":{"name":"functions"},"function":{"name":"us-central1-getInstagramFeed"},"message":"[runtime-status] [5744] Resolved module firebase-functions {\"declared\":true,\"installed\":true,\"version\":\"3.14.1\",\"resolution\":\"C:\\\\Users\\\\henry\\\\Desktop\\\\Web Projects\\\\hfnyz\\\\hfnyz\\\\functions\\\\node_modules\\\\firebase-functions\\\\lib\\\\index.js\"}"}}
[debug] [2021-07-17T04:12:20.235Z] [runtime-status] [5744] Resolved module firebase-functions {"declared":true,"installed":true,"version":"3.14.1","resolution":"C:\\Users\\henry\\Desktop\\Web Projects\\hfnyz\\hfnyz\\functions\\node_modules\\firebase-functions\\lib\\index.js"} {"metadata":{"emulator":{"name":"functions"},"function":{"name":"us-central1-getInstagramFeed"},"message":"[runtime-status] [5744] Resolved module firebase-functions {\"declared\":true,\"installed\":true,\"version\":\"3.14.1\",\"resolution\":\"C:\\\\Users\\\\henry\\\\Desktop\\\\Web Projects\\\\hfnyz\\\\hfnyz\\\\functions\\\\node_modules\\\\firebase-functions\\\\lib\\\\index.js\"}"}}
[debug] [2021-07-17T04:12:20.235Z] [runtime-status] [5744] Outgoing network have been stubbed. [{"name":"http","status":"mocked"},{"name":"http","status":"mocked"},{"name":"https","status":"mocked"},{"name":"https","status":"mocked"},{"name":"net","status":"mocked"}] {"metadata":{"emulator":{"name":"functions"},"function":{"name":"us-central1-getInstagramFeed"},"message":"[runtime-status] [5744] Outgoing network have been stubbed. [{\"name\":\"http\",\"status\":\"mocked\"},{\"name\":\"http\",\"status\":\"mocked\"},{\"name\":\"https\",\"status\":\"mocked\"},{\"name\":\"https\",\"status\":\"mocked\"},{\"name\":\"net\",\"status\":\"mocked\"}]"}}
[debug] [2021-07-17T04:12:20.236Z] [runtime-status] [5744] Resolved module firebase-functions {"declared":true,"installed":true,"version":"3.14.1","resolution":"C:\\Users\\henry\\Desktop\\Web Projects\\hfnyz\\hfnyz\\functions\\node_modules\\firebase-functions\\lib\\index.js"} {"metadata":{"emulator":{"name":"functions"},"function":{"name":"us-central1-getInstagramFeed"},"message":"[runtime-status] [5744] Resolved module firebase-functions {\"declared\":true,\"installed\":true,\"version\":\"3.14.1\",\"resolution\":\"C:\\\\Users\\\\henry\\\\Desktop\\\\Web Projects\\\\hfnyz\\\\hfnyz\\\\functions\\\\node_modules\\\\firebase-functions\\\\lib\\\\index.js\"}"}}
[debug] [2021-07-17T04:12:20.278Z] [runtime-status] [5744] Checked functions.config() {"config":{}} {"metadata":{"emulator":{"name":"functions"},"function":{"name":"us-central1-getInstagramFeed"},"message":"[runtime-status] [5744] Checked functions.config() {\"config\":{}}"}}
[debug] [2021-07-17T04:12:20.278Z] [runtime-status] [5744] firebase-functions has been stubbed. {"functionsResolution":{"declared":true,"installed":true,"version":"3.14.1","resolution":"C:\\Users\\henry\\Desktop\\Web Projects\\hfnyz\\hfnyz\\functions\\node_modules\\firebase-functions\\lib\\index.js"}} {"metadata":{"emulator":{"name":"functions"},"function":{"name":"us-central1-getInstagramFeed"},"message":"[runtime-status] [5744] firebase-functions has been stubbed. {\"functionsResolution\":{\"declared\":true,\"installed\":true,\"version\":\"3.14.1\",\"resolution\":\"C:\\\\Users\\\\henry\\\\Desktop\\\\Web Projects\\\\hfnyz\\\\hfnyz\\\\functions\\\\node_modules\\\\firebase-functions\\\\lib\\\\index.js\"}}"}}
[debug] [2021-07-17T04:12:20.278Z] [runtime-status] [5744] Resolved module firebase-functions {"declared":true,"installed":true,"version":"3.14.1","resolution":"C:\\Users\\henry\\Desktop\\Web Projects\\hfnyz\\hfnyz\\functions\\node_modules\\firebase-functions\\lib\\index.js"} {"metadata":{"emulator":{"name":"functions"},"function":{"name":"us-central1-getInstagramFeed"},"message":"[runtime-status] [5744] Resolved module firebase-functions {\"declared\":true,\"installed\":true,\"version\":\"3.14.1\",\"resolution\":\"C:\\\\Users\\\\henry\\\\Desktop\\\\Web Projects\\\\hfnyz\\\\hfnyz\\\\functions\\\\node_modules\\\\firebase-functions\\\\lib\\\\index.js\"}"}}
[debug] [2021-07-17T04:12:20.279Z] [runtime-status] [5744] Resolved module firebase-admin {"declared":true,"installed":true,"version":"9.10.0","resolution":"C:\\Users\\henry\\Desktop\\Web Projects\\hfnyz\\hfnyz\\functions\\node_modules\\firebase-admin\\lib\\index.js"} {"metadata":{"emulator":{"name":"functions"},"function":{"name":"us-central1-getInstagramFeed"},"message":"[runtime-status] [5744] Resolved module firebase-admin {\"declared\":true,\"installed\":true,\"version\":\"9.10.0\",\"resolution\":\"C:\\\\Users\\\\henry\\\\Desktop\\\\Web Projects\\\\hfnyz\\\\hfnyz\\\\functions\\\\node_modules\\\\firebase-admin\\\\lib\\\\index.js\"}"}}
[debug] [2021-07-17T04:12:20.280Z] [runtime-status] [5744] Resolved module firebase-functions {"declared":true,"installed":true,"version":"3.14.1","resolution":"C:\\Users\\henry\\Desktop\\Web Projects\\hfnyz\\hfnyz\\functions\\node_modules\\firebase-functions\\lib\\index.js"} {"metadata":{"emulator":{"name":"functions"},"function":{"name":"us-central1-getInstagramFeed"},"message":"[runtime-status] [5744] Resolved module firebase-functions {\"declared\":true,\"installed\":true,\"version\":\"3.14.1\",\"resolution\":\"C:\\\\Users\\\\henry\\\\Desktop\\\\Web Projects\\\\hfnyz\\\\hfnyz\\\\functions\\\\node_modules\\\\firebase-functions\\\\lib\\\\index.js\"}"}}
[debug] [2021-07-17T04:12:20.280Z] [runtime-status] [5744] firebase-admin has been stubbed. {"adminResolution":{"declared":true,"installed":true,"version":"9.10.0","resolution":"C:\\Users\\henry\\Desktop\\Web Projects\\hfnyz\\hfnyz\\functions\\node_modules\\firebase-admin\\lib\\index.js"}} {"metadata":{"emulator":{"name":"functions"},"function":{"name":"us-central1-getInstagramFeed"},"message":"[runtime-status] [5744] firebase-admin has been stubbed. {\"adminResolution\":{\"declared\":true,\"installed\":true,\"version\":\"9.10.0\",\"resolution\":\"C:\\\\Users\\\\henry\\\\Desktop\\\\Web Projects\\\\hfnyz\\\\hfnyz\\\\functions\\\\node_modules\\\\firebase-admin\\\\lib\\\\index.js\"}}"}}
[debug] [2021-07-17T04:12:20.300Z] [runtime-status] [5744] initializeApp(DEFAULT) {"storageBucket":"henryfritz-30302.appspot.com","databaseURL":"https://henryfritz-30302.firebaseio.com","projectId":"henryfritz-30302"} {"metadata":{"emulator":{"name":"functions"},"function":{"name":"us-central1-getInstagramFeed"},"message":"[runtime-status] [5744] initializeApp(DEFAULT) {\"storageBucket\":\"henryfritz-30302.appspot.com\",\"databaseURL\":\"https://henryfritz-30302.firebaseio.com\",\"projectId\":\"henryfritz-30302\"}"}}
[debug] [2021-07-17T04:12:20.302Z] [runtime-status] [5744] Trigger "us-central1-getInstagramFeed" has been found, beginning invocation! {"metadata":{"emulator":{"name":"functions"},"function":{"name":"us-central1-getInstagramFeed"},"message":"[runtime-status] [5744] Trigger \"us-central1-getInstagramFeed\" has been found, beginning invocation!"}}
[info] i  functions: Beginning execution of "us-central1-getInstagramFeed" {"metadata":{"emulator":{"name":"functions"},"function":{"name":"us-central1-getInstagramFeed"},"message":"Beginning execution of \"us-central1-getInstagramFeed\""}}
[debug] [2021-07-17T04:12:20.303Z] [runtime-status] [5744] triggerDefinition {"httpsTrigger":{},"name":"getInstagramFeed","entryPoint":"getInstagramFeed","regions":["us-central1"],"region":"us-central1","id":"us-central1-getInstagramFeed"} {"metadata":{"emulator":{"name":"functions"},"function":{"name":"us-central1-getInstagramFeed"},"message":"[runtime-status] [5744] triggerDefinition {\"httpsTrigger\":{},\"name\":\"getInstagramFeed\",\"entryPoint\":\"getInstagramFeed\",\"regions\":[\"us-central1\"],\"region\":\"us-central1\",\"id\":\"us-central1-getInstagramFeed\"}"}}
[debug] [2021-07-17T04:12:20.303Z] [runtime-status] [5744] Running us-central1-getInstagramFeed in mode HTTPS {"metadata":{"emulator":{"name":"functions"},"function":{"name":"us-central1-getInstagramFeed"},"message":"[runtime-status] [5744] Running us-central1-getInstagramFeed in mode HTTPS"}}
[debug] [2021-07-17T04:12:20.306Z] [runtime-status] [5744] Attempting to listen to socketPath: \\?\pipe\C:\Users\henry\Desktop\Web Projects\hfnyz\hfnyz\functions\5744 {"metadata":{"emulator":{"name":"functions"},"function":{"name":"us-central1-getInstagramFeed"},"message":"[runtime-status] [5744] Attempting to listen to socketPath: \\\\?\\pipe\\C:\\Users\\henry\\Desktop\\Web Projects\\hfnyz\\hfnyz\\functions\\5744"}}
[debug] [2021-07-17T04:12:20.307Z] [functions] Runtime ready! Sending request! {"metadata":{"emulator":{"name":"functions"},"message":"[functions] Runtime ready! Sending request!"}}
[debug] [2021-07-17T04:12:20.308Z] [functions] Got req.url=/henryfritz-30302/us-central1/getInstagramFeed, mapping to path=/ {"metadata":{"emulator":{"name":"functions"},"message":"[functions] Got req.url=/henryfritz-30302/us-central1/getInstagramFeed, mapping to path=/"}}
[debug] [2021-07-17T04:12:20.324Z] [runtime-status] [5744] Ephemeral server handling POST request {"metadata":{"emulator":{"name":"functions"},"function":{"name":"us-central1-getInstagramFeed"},"message":"[runtime-status] [5744] Ephemeral server handling POST request"}}
[info] >  {"severity":"INFO","message":"Retrieving instagram feed\n  [\n    null,\n    null,\n    {\n        \"data\": \"https://graph.instagram.com/4169459729818641/media?fields=id,caption,media_type,media_url,username,timestamp\"\n    }\n]"} {"user":{"severity":"INFO","message":"Retrieving instagram feed\n  [\n    null,\n    null,\n    {\n        \"data\": \"https://graph.instagram.com/4169459729818641/media?fields=id,caption,media_type,media_url,username,timestamp\"\n    }\n]"},"metadata":{"emulator":{"name":"functions"},"function":{"name":"us-central1-getInstagramFeed"},"message":"\u001b[90m> \u001b[39m {\"severity\":\"INFO\",\"message\":\"Retrieving instagram feed\\n  [\\n    null,\\n    null,\\n    {\\n        \\\"data\\\": \\\"https://graph.instagram.com/4169459729818641/media?fields=id,caption,media_type,media_url,username,timestamp\\\"\\n    }\\n]\"}"}}
[debug] [2021-07-17T04:12:20.372Z] [runtime-status] [5744] Ephemeral server survived. {"metadata":{"emulator":{"name":"functions"},"function":{"name":"us-central1-getInstagramFeed"},"message":"[runtime-status] [5744] Ephemeral server survived."}}
[info] i  functions: Finished "us-central1-getInstagramFeed" in ~1s {"metadata":{"emulator":{"name":"functions"},"function":{"name":"us-central1-getInstagramFeed"},"message":"Finished \"us-central1-getInstagramFeed\" in ~1s"}}
[debug] [2021-07-17T04:12:20.835Z] [worker-us-central1-getInstagramFeed-9c9d24d7-7b73-4527-8811-0604c3c69f64]: IDLE {"metadata":{"emulator":{"name":"functions"},"message":"[worker-us-central1-getInstagramFeed-9c9d24d7-7b73-4527-8811-0604c3c69f64]: IDLE"}}
[debug] [2021-07-17T04:12:20.836Z] [work-queue] {"queueLength":0,"workRunningCount":0}
[debug] [2021-07-17T04:13:15.937Z] Jul 17, 2021 12:13:15 AM io.gapi.emulators.netty.HttpVersionRoutingHandler channelRead
INFO: Detected non-HTTP/2 connection.
 {"metadata":{"emulator":{"name":"firestore"},"message":"Jul 17, 2021 12:13:15 AM io.gapi.emulators.netty.HttpVersionRoutingHandler channelRead\r\nINFO: Detected non-HTTP/2 connection.\r\n"}}
[debug] [2021-07-17T04:13:16.206Z] Jul 17, 2021 12:13:16 AM io.gapi.emulators.netty.HttpVersionRoutingHandler channelRead
INFO: Detected non-HTTP/2 connection.
 {"metadata":{"emulator":{"name":"firestore"},"message":"Jul 17, 2021 12:13:16 AM io.gapi.emulators.netty.HttpVersionRoutingHandler channelRead\r\nINFO: Detected non-HTTP/2 connection.\r\n"}}
[debug] [2021-07-17T04:13:16.213Z] Jul 17, 2021 12:13:16 AM com.google.cloud.datastore.emulator.firestore.webchannel.FirestoreV1WebChannelAdapter$FirestoreListenHandler onClose
INFO: channel closed
 {"metadata":{"emulator":{"name":"firestore"},"message":"Jul 17, 2021 12:13:16 AM com.google.cloud.datastore.emulator.firestore.webchannel.FirestoreV1WebChannelAdapter$FirestoreListenHandler onClose\r\nINFO: channel closed\r\n"}}
[debug] [2021-07-17T05:08:53.265Z] [work-queue] {"queueLength":1,"workRunningCount":0}
[debug] [2021-07-17T05:08:53.265Z] [work-queue] {"queueLength":0,"workRunningCount":1}
[debug] [2021-07-17T05:08:53.265Z] Accepted request OPTIONS /henryfritz-30302/us-central1/getInstagramFeed --> us-central1-getInstagramFeed
[debug] [2021-07-17T05:08:53.266Z] [worker-pool] submitWork(triggerId=us-central1-getInstagramFeed) {"metadata":{"emulator":{"name":"functions"},"message":"[worker-pool] submitWork(triggerId=us-central1-getInstagramFeed)"}}
[debug] [2021-07-17T05:08:53.266Z] [worker-us-central1-getInstagramFeed-9f5acf79-9fba-4b5e-b51e-9c2fe56d6427]: Assigning socketPath: \\?\pipe\C:\Users\henry\Desktop\Web Projects\hfnyz\hfnyz\functions\22144 {"metadata":{"emulator":{"name":"functions"},"message":"[worker-us-central1-getInstagramFeed-9f5acf79-9fba-4b5e-b51e-9c2fe56d6427]: Assigning socketPath: \\\\?\\pipe\\C:\\Users\\henry\\Desktop\\Web Projects\\hfnyz\\hfnyz\\functions\\22144"}}
[debug] [2021-07-17T05:08:53.266Z] [worker-us-central1-getInstagramFeed-9f5acf79-9fba-4b5e-b51e-9c2fe56d6427]: BUSY {"metadata":{"emulator":{"name":"functions"},"message":"[worker-us-central1-getInstagramFeed-9f5acf79-9fba-4b5e-b51e-9c2fe56d6427]: BUSY"}}
[debug] [2021-07-17T05:08:53.267Z] [runtime-status] [22144] Trigger "us-central1-getInstagramFeed" has been found, beginning invocation! {"metadata":{"emulator":{"name":"functions"},"function":{"name":"us-central1-getInstagramFeed"},"message":"[runtime-status] [22144] Trigger \"us-central1-getInstagramFeed\" has been found, beginning invocation!"}}
[info] i  functions: Beginning execution of "us-central1-getInstagramFeed" {"metadata":{"emulator":{"name":"functions"},"function":{"name":"us-central1-getInstagramFeed"},"message":"Beginning execution of \"us-central1-getInstagramFeed\""}}
[debug] [2021-07-17T05:08:53.269Z] [runtime-status] [22144] triggerDefinition {"httpsTrigger":{},"name":"getInstagramFeed","entryPoint":"getInstagramFeed","regions":["us-central1"],"region":"us-central1","id":"us-central1-getInstagramFeed"} {"metadata":{"emulator":{"name":"functions"},"function":{"name":"us-central1-getInstagramFeed"},"message":"[runtime-status] [22144] triggerDefinition {\"httpsTrigger\":{},\"name\":\"getInstagramFeed\",\"entryPoint\":\"getInstagramFeed\",\"regions\":[\"us-central1\"],\"region\":\"us-central1\",\"id\":\"us-central1-getInstagramFeed\"}"}}
[debug] [2021-07-17T05:08:53.269Z] [runtime-status] [22144] Running us-central1-getInstagramFeed in mode HTTPS {"metadata":{"emulator":{"name":"functions"},"function":{"name":"us-central1-getInstagramFeed"},"message":"[runtime-status] [22144] Running us-central1-getInstagramFeed in mode HTTPS"}}
[debug] [2021-07-17T05:08:53.270Z] [runtime-status] [22144] Attempting to listen to socketPath: \\?\pipe\C:\Users\henry\Desktop\Web Projects\hfnyz\hfnyz\functions\22144 {"metadata":{"emulator":{"name":"functions"},"function":{"name":"us-central1-getInstagramFeed"},"message":"[runtime-status] [22144] Attempting to listen to socketPath: \\\\?\\pipe\\C:\\Users\\henry\\Desktop\\Web Projects\\hfnyz\\hfnyz\\functions\\22144"}}
[debug] [2021-07-17T05:08:53.271Z] [functions] Runtime ready! Sending request! {"metadata":{"emulator":{"name":"functions"},"message":"[functions] Runtime ready! Sending request!"}}
[debug] [2021-07-17T05:08:53.271Z] [functions] Got req.url=/henryfritz-30302/us-central1/getInstagramFeed, mapping to path=/ {"metadata":{"emulator":{"name":"functions"},"message":"[functions] Got req.url=/henryfritz-30302/us-central1/getInstagramFeed, mapping to path=/"}}
[debug] [2021-07-17T05:08:53.273Z] [runtime-status] [22144] Ephemeral server handling OPTIONS request {"metadata":{"emulator":{"name":"functions"},"function":{"name":"us-central1-getInstagramFeed"},"message":"[runtime-status] [22144] Ephemeral server handling OPTIONS request"}}
[info] >  {"severity":"INFO","message":"Retrieving instagram feed\n  [\n    null,\n    null,\n    {}\n]"} {"user":{"severity":"INFO","message":"Retrieving instagram feed\n  [\n    null,\n    null,\n    {}\n]"},"metadata":{"emulator":{"name":"functions"},"function":{"name":"us-central1-getInstagramFeed"},"message":"\u001b[90m> \u001b[39m {\"severity\":\"INFO\",\"message\":\"Retrieving instagram feed\\n  [\\n    null,\\n    null,\\n    {}\\n]\"}"}}
[debug] [2021-07-17T05:08:53.274Z] [runtime-status] [22144] Ephemeral server survived. {"metadata":{"emulator":{"name":"functions"},"function":{"name":"us-central1-getInstagramFeed"},"message":"[runtime-status] [22144] Ephemeral server survived."}}
[debug] [2021-07-17T05:08:53.275Z] [work-queue] {"queueLength":1,"workRunningCount":1}
[debug] [2021-07-17T05:08:53.276Z] [work-queue] {"queueLength":0,"workRunningCount":2}
[debug] [2021-07-17T05:08:53.276Z] Accepted request POST /henryfritz-30302/us-central1/getInstagramFeed --> us-central1-getInstagramFeed
[debug] [2021-07-17T05:08:53.276Z] [worker-pool] submitWork(triggerId=us-central1-getInstagramFeed) {"metadata":{"emulator":{"name":"functions"},"message":"[worker-pool] submitWork(triggerId=us-central1-getInstagramFeed)"}}
[debug] [2021-07-17T05:08:53.276Z] [worker-us-central1-getInstagramFeed-9c9d24d7-7b73-4527-8811-0604c3c69f64]: Assigning socketPath: \\?\pipe\C:\Users\henry\Desktop\Web Projects\hfnyz\hfnyz\functions\5744 {"metadata":{"emulator":{"name":"functions"},"message":"[worker-us-central1-getInstagramFeed-9c9d24d7-7b73-4527-8811-0604c3c69f64]: Assigning socketPath: \\\\?\\pipe\\C:\\Users\\henry\\Desktop\\Web Projects\\hfnyz\\hfnyz\\functions\\5744"}}
[debug] [2021-07-17T05:08:53.276Z] [worker-us-central1-getInstagramFeed-9c9d24d7-7b73-4527-8811-0604c3c69f64]: BUSY {"metadata":{"emulator":{"name":"functions"},"message":"[worker-us-central1-getInstagramFeed-9c9d24d7-7b73-4527-8811-0604c3c69f64]: BUSY"}}
[info] i  functions: Finished "us-central1-getInstagramFeed" in ~1s {"metadata":{"emulator":{"name":"functions"},"function":{"name":"us-central1-getInstagramFeed"},"message":"Finished \"us-central1-getInstagramFeed\" in ~1s"}}
[debug] [2021-07-17T05:08:53.278Z] [worker-us-central1-getInstagramFeed-9f5acf79-9fba-4b5e-b51e-9c2fe56d6427]: IDLE {"metadata":{"emulator":{"name":"functions"},"message":"[worker-us-central1-getInstagramFeed-9f5acf79-9fba-4b5e-b51e-9c2fe56d6427]: IDLE"}}
[debug] [2021-07-17T05:08:53.278Z] [work-queue] {"queueLength":0,"workRunningCount":1}
[debug] [2021-07-17T05:08:53.278Z] [runtime-status] [5744] Trigger "us-central1-getInstagramFeed" has been found, beginning invocation! {"metadata":{"emulator":{"name":"functions"},"function":{"name":"us-central1-getInstagramFeed"},"message":"[runtime-status] [5744] Trigger \"us-central1-getInstagramFeed\" has been found, beginning invocation!"}}
[info] i  functions: Beginning execution of "us-central1-getInstagramFeed" {"metadata":{"emulator":{"name":"functions"},"function":{"name":"us-central1-getInstagramFeed"},"message":"Beginning execution of \"us-central1-getInstagramFeed\""}}
[debug] [2021-07-17T05:08:53.279Z] [runtime-status] [5744] triggerDefinition {"httpsTrigger":{},"name":"getInstagramFeed","entryPoint":"getInstagramFeed","regions":["us-central1"],"region":"us-central1","id":"us-central1-getInstagramFeed"} {"metadata":{"emulator":{"name":"functions"},"function":{"name":"us-central1-getInstagramFeed"},"message":"[runtime-status] [5744] triggerDefinition {\"httpsTrigger\":{},\"name\":\"getInstagramFeed\",\"entryPoint\":\"getInstagramFeed\",\"regions\":[\"us-central1\"],\"region\":\"us-central1\",\"id\":\"us-central1-getInstagramFeed\"}"}}
[debug] [2021-07-17T05:08:53.279Z] [runtime-status] [5744] Running us-central1-getInstagramFeed in mode HTTPS {"metadata":{"emulator":{"name":"functions"},"function":{"name":"us-central1-getInstagramFeed"},"message":"[runtime-status] [5744] Running us-central1-getInstagramFeed in mode HTTPS"}}
[debug] [2021-07-17T05:08:53.280Z] [runtime-status] [5744] Attempting to listen to socketPath: \\?\pipe\C:\Users\henry\Desktop\Web Projects\hfnyz\hfnyz\functions\5744 {"metadata":{"emulator":{"name":"functions"},"function":{"name":"us-central1-getInstagramFeed"},"message":"[runtime-status] [5744] Attempting to listen to socketPath: \\\\?\\pipe\\C:\\Users\\henry\\Desktop\\Web Projects\\hfnyz\\hfnyz\\functions\\5744"}}
[debug] [2021-07-17T05:08:53.281Z] [functions] Runtime ready! Sending request! {"metadata":{"emulator":{"name":"functions"},"message":"[functions] Runtime ready! Sending request!"}}
[debug] [2021-07-17T05:08:53.281Z] [functions] Got req.url=/henryfritz-30302/us-central1/getInstagramFeed, mapping to path=/ {"metadata":{"emulator":{"name":"functions"},"message":"[functions] Got req.url=/henryfritz-30302/us-central1/getInstagramFeed, mapping to path=/"}}
[debug] [2021-07-17T05:08:53.284Z] [runtime-status] [5744] Ephemeral server handling POST request {"metadata":{"emulator":{"name":"functions"},"function":{"name":"us-central1-getInstagramFeed"},"message":"[runtime-status] [5744] Ephemeral server handling POST request"}}
[info] >  {"severity":"INFO","message":"Retrieving instagram feed\n  [\n    null,\n    null,\n    {\n        \"data\": \"https://graph.instagram.com/4169459729818641/media?fields=id,caption,media_type,media_url,username,timestamp\"\n    }\n]"} {"user":{"severity":"INFO","message":"Retrieving instagram feed\n  [\n    null,\n    null,\n    {\n        \"data\": \"https://graph.instagram.com/4169459729818641/media?fields=id,caption,media_type,media_url,username,timestamp\"\n    }\n]"},"metadata":{"emulator":{"name":"functions"},"function":{"name":"us-central1-getInstagramFeed"},"message":"\u001b[90m> \u001b[39m {\"severity\":\"INFO\",\"message\":\"Retrieving instagram feed\\n  [\\n    null,\\n    null,\\n    {\\n        \\\"data\\\": \\\"https://graph.instagram.com/4169459729818641/media?fields=id,caption,media_type,media_url,username,timestamp\\\"\\n    }\\n]\"}"}}
[debug] [2021-07-17T05:08:53.287Z] [runtime-status] [5744] Ephemeral server survived. {"metadata":{"emulator":{"name":"functions"},"function":{"name":"us-central1-getInstagramFeed"},"message":"[runtime-status] [5744] Ephemeral server survived."}}
[info] i  functions: Finished "us-central1-getInstagramFeed" in ~1s {"metadata":{"emulator":{"name":"functions"},"function":{"name":"us-central1-getInstagramFeed"},"message":"Finished \"us-central1-getInstagramFeed\" in ~1s"}}
[debug] [2021-07-17T05:08:53.906Z] [worker-us-central1-getInstagramFeed-9c9d24d7-7b73-4527-8811-0604c3c69f64]: IDLE {"metadata":{"emulator":{"name":"functions"},"message":"[worker-us-central1-getInstagramFeed-9c9d24d7-7b73-4527-8811-0604c3c69f64]: IDLE"}}
[debug] [2021-07-17T05:08:53.906Z] [work-queue] {"queueLength":0,"workRunningCount":0}
[debug] [2021-07-17T05:08:55.709Z] Jul 17, 2021 1:08:55 AM io.gapi.emulators.netty.HttpVersionRoutingHandler channelRead
INFO: Detected non-HTTP/2 connection.
 {"metadata":{"emulator":{"name":"firestore"},"message":"Jul 17, 2021 1:08:55 AM io.gapi.emulators.netty.HttpVersionRoutingHandler channelRead\r\nINFO: Detected non-HTTP/2 connection.\r\n"}}
[debug] [2021-07-17T05:08:55.957Z] Jul 17, 2021 1:08:55 AM io.gapi.emulators.netty.HttpVersionRoutingHandler channelRead
INFO: Detected non-HTTP/2 connection.
 {"metadata":{"emulator":{"name":"firestore"},"message":"Jul 17, 2021 1:08:55 AM io.gapi.emulators.netty.HttpVersionRoutingHandler channelRead\r\nINFO: Detected non-HTTP/2 connection.\r\n"}}
[debug] [2021-07-17T05:08:56.033Z] Jul 17, 2021 1:08:56 AM io.gapi.emulators.netty.HttpVersionRoutingHandler channelRead
INFO: Detected non-HTTP/2 connection.
 {"metadata":{"emulator":{"name":"firestore"},"message":"Jul 17, 2021 1:08:56 AM io.gapi.emulators.netty.HttpVersionRoutingHandler channelRead\r\nINFO: Detected non-HTTP/2 connection.\r\n"}}
[debug] [2021-07-17T05:09:56.105Z] Jul 17, 2021 1:09:56 AM io.gapi.emulators.netty.HttpVersionRoutingHandler channelRead
INFO: Detected non-HTTP/2 connection.
 {"metadata":{"emulator":{"name":"firestore"},"message":"Jul 17, 2021 1:09:56 AM io.gapi.emulators.netty.HttpVersionRoutingHandler channelRead\r\nINFO: Detected non-HTTP/2 connection.\r\n"}}
[debug] [2021-07-17T05:09:56.518Z] Jul 17, 2021 1:09:56 AM io.gapi.emulators.netty.HttpVersionRoutingHandler channelRead
INFO: Detected non-HTTP/2 connection.
 {"metadata":{"emulator":{"name":"firestore"},"message":"Jul 17, 2021 1:09:56 AM io.gapi.emulators.netty.HttpVersionRoutingHandler channelRead\r\nINFO: Detected non-HTTP/2 connection.\r\n"}}
[debug] [2021-07-17T05:09:56.524Z] Jul 17, 2021 1:09:56 AM com.google.cloud.datastore.emulator.firestore.webchannel.FirestoreV1WebChannelAdapter$FirestoreListenHandler onClose
INFO: channel closed
 {"metadata":{"emulator":{"name":"firestore"},"message":"Jul 17, 2021 1:09:56 AM com.google.cloud.datastore.emulator.firestore.webchannel.FirestoreV1WebChannelAdapter$FirestoreListenHandler onClose\r\nINFO: channel closed\r\n"}}
