[debug] [2021-06-27T19:28:32.333Z] ----------------------------------------------------------------------
[debug] [2021-06-27T19:28:32.334Z] Command:       C:\Program Files\nodejs\node.exe C:\Users\henry\AppData\Roaming\npm\node_modules\firebase-tools\lib\bin\firebase.js emulators:start
[debug] [2021-06-27T19:28:32.335Z] CLI Version:   9.13.1
[debug] [2021-06-27T19:28:32.335Z] Platform:      win32
[debug] [2021-06-27T19:28:32.335Z] Node Version:  v14.15.0
[debug] [2021-06-27T19:28:32.335Z] Time:          Sun Jun 27 2021 15:28:32 GMT-0400 (Eastern Daylight Time)
[debug] [2021-06-27T19:28:32.335Z] ----------------------------------------------------------------------
[debug] 
[debug] [2021-06-27T19:28:32.341Z] > command requires scopes: ["email","openid","https://www.googleapis.com/auth/cloudplatformprojects.readonly","https://www.googleapis.com/auth/firebase","https://www.googleapis.com/auth/cloud-platform"]
[debug] [2021-06-27T19:28:32.341Z] > authorizing via signed-in user (henryamsterfritz@gmail.com)
[info] i  emulators: Starting emulators: auth, functions, firestore, hosting, storage {"metadata":{"emulator":{"name":"hub"},"message":"Starting emulators: auth, functions, firestore, hosting, storage"}}
[debug] [2021-06-27T19:28:32.360Z] [hub] writing locator at C:\Users\henry\AppData\Local\Temp\hub-henryfritz-30302.json
[warn] !  functions: The following emulators are not running, calls to these services from the Functions emulator will affect production: database, pubsub {"metadata":{"emulator":{"name":"functions"},"message":"The following emulators are not running, calls to these services from the Functions emulator will affect production: \u001b[1mdatabase, pubsub\u001b[22m"}}
[info] +  functions: Using node@14 from host. {"metadata":{"emulator":{"name":"functions"},"message":"Using node@14 from host."}}
[debug] [2021-06-27T19:28:32.379Z] defaultcredentials: writing to file C:\Users\henry\AppData\Roaming\firebase\henryamsterfritz_gmail_com_application_default_credentials.json
[debug] [2021-06-27T19:28:32.379Z] Setting GAC to C:\Users\henry\AppData\Roaming\firebase\henryamsterfritz_gmail_com_application_default_credentials.json {"metadata":{"emulator":{"name":"functions"},"message":"Setting GAC to C:\\Users\\henry\\AppData\\Roaming\\firebase\\henryamsterfritz_gmail_com_application_default_credentials.json"}}
[debug] [2021-06-27T19:28:32.382Z] > refreshing access token with scopes: []
[debug] [2021-06-27T19:28:32.383Z] >>> HTTP REQUEST POST https://www.googleapis.com/oauth2/v3/token  
 <request body omitted>
[debug] [2021-06-27T19:28:32.650Z] <<< HTTP RESPONSE 200 {"cache-control":"no-cache, no-store, max-age=0, must-revalidate","date":"Sun, 27 Jun 2021 19:28:33 GMT","expires":"Mon, 01 Jan 1990 00:00:00 GMT","pragma":"no-cache","content-type":"application/json; charset=utf-8","vary":"X-Origin, Referer, Origin,Accept-Encoding","server":"scaffolding on HTTPServer2","x-xss-protection":"0","x-frame-options":"SAMEORIGIN","x-content-type-options":"nosniff","alt-svc":"h3=\":443\"; ma=2592000,h3-29=\":443\"; ma=2592000,h3-T051=\":443\"; ma=2592000,h3-Q050=\":443\"; ma=2592000,h3-Q046=\":443\"; ma=2592000,h3-Q043=\":443\"; ma=2592000,quic=\":443\"; ma=2592000; v=\"46,43\"","accept-ranges":"none","transfer-encoding":"chunked"}
[debug] [2021-06-27T19:28:32.656Z] >>> [apiv2][query] GET https://firebase.googleapis.com/v1beta1/projects/henryfritz-30302/adminSdkConfig [none]
[debug] [2021-06-27T19:28:33.116Z] <<< [apiv2][status] GET https://firebase.googleapis.com/v1beta1/projects/henryfritz-30302/adminSdkConfig 200
[debug] [2021-06-27T19:28:33.117Z] <<< [apiv2][body] GET https://firebase.googleapis.com/v1beta1/projects/henryfritz-30302/adminSdkConfig {"projectId":"henryfritz-30302","databaseURL":"https://henryfritz-30302.firebaseio.com","storageBucket":"henryfritz-30302.appspot.com","locationId":"us-central"}
[debug] [2021-06-27T19:28:33.126Z] Ignoring unsupported arg: projectId {"metadata":{"emulator":{"name":"firestore"},"message":"Ignoring unsupported arg: projectId"}}
[debug] [2021-06-27T19:28:33.127Z] Ignoring unsupported arg: auto_download {"metadata":{"emulator":{"name":"firestore"},"message":"Ignoring unsupported arg: auto_download"}}
[debug] [2021-06-27T19:28:33.127Z] Starting Firestore Emulator with command {"binary":"java","args":["-Dgoogle.cloud_firestore.debug_log_level=FINE","-Duser.language=en","-jar","C:\\Users\\henry\\.cache\\firebase\\emulators\\cloud-firestore-emulator-v1.12.0.jar","--host","localhost","--port",8080,"--rules","C:\\Users\\henry\\Desktop\\Web Projects\\hfnyz\\hfnyz\\firestore.rules","--functions_emulator","localhost:5001"],"optionalArgs":["port","webchannel_port","host","rules","functions_emulator","seed_from_export"],"joinArgs":false} {"metadata":{"emulator":{"name":"firestore"},"message":"Starting Firestore Emulator with command {\"binary\":\"java\",\"args\":[\"-Dgoogle.cloud_firestore.debug_log_level=FINE\",\"-Duser.language=en\",\"-jar\",\"C:\\\\Users\\\\henry\\\\.cache\\\\firebase\\\\emulators\\\\cloud-firestore-emulator-v1.12.0.jar\",\"--host\",\"localhost\",\"--port\",8080,\"--rules\",\"C:\\\\Users\\\\henry\\\\Desktop\\\\Web Projects\\\\hfnyz\\\\hfnyz\\\\firestore.rules\",\"--functions_emulator\",\"localhost:5001\"],\"optionalArgs\":[\"port\",\"webchannel_port\",\"host\",\"rules\",\"functions_emulator\",\"seed_from_export\"],\"joinArgs\":false}"}}
[info] i  firestore: Firestore Emulator logging to firestore-debug.log {"metadata":{"emulator":{"name":"firestore"},"message":"Firestore Emulator logging to \u001b[1mfirestore-debug.log\u001b[22m"}}
[debug] [2021-06-27T19:28:34.637Z] Jun 27, 2021 3:28:34 PM com.google.cloud.datastore.emulator.firestore.websocket.WebSocketServer start
INFO: Started WebSocket server on ws://localhost:63271
 {"metadata":{"emulator":{"name":"firestore"},"message":"Jun 27, 2021 3:28:34 PM com.google.cloud.datastore.emulator.firestore.websocket.WebSocketServer start\r\nINFO: Started WebSocket server on ws://localhost:63271\r\n"}}
[debug] [2021-06-27T19:28:34.667Z] API endpoint: http://localhost: {"metadata":{"emulator":{"name":"firestore"},"message":"API endpoint: http://localhost:"}}
[debug] [2021-06-27T19:28:34.668Z] 8080
If you are using a library that supports the FIRESTORE_EMULATOR_HOST environment variable, run:

   export FIRESTORE_EMULATOR_HOST=localhost:8080

Dev App Server is now running.

 {"metadata":{"emulator":{"name":"firestore"},"message":"8080\nIf you are using a library that supports the FIRESTORE_EMULATOR_HOST environment variable, run:\r\n\n   export FIRESTORE_EMULATOR_HOST=localhost:8080\n\nDev App Server is now running.\n\r\n"}}
[debug] [2021-06-27T19:28:36.633Z] Ignoring unsupported arg: port {"metadata":{"emulator":{"name":"storage"},"message":"Ignoring unsupported arg: port"}}
[debug] [2021-06-27T19:28:36.771Z] Temp file directory for storage emulator: C:\Users\henry\AppData\Local\Temp/firebase/storage/blobs {"metadata":{"emulator":{"name":"storage"},"message":"Temp file directory for storage emulator: C:\\Users\\henry\\AppData\\Local\\Temp/firebase/storage/blobs"}}
[debug] [2021-06-27T19:28:37.364Z] >>> [apiv2][query] GET https://firebasehosting.googleapis.com/v1beta1/projects/henryfritz-30302/sites 
[debug] [2021-06-27T19:28:37.817Z] <<< [apiv2][status] GET https://firebasehosting.googleapis.com/v1beta1/projects/henryfritz-30302/sites 200
[debug] [2021-06-27T19:28:37.817Z] <<< [apiv2][body] GET https://firebasehosting.googleapis.com/v1beta1/projects/henryfritz-30302/sites {"sites":[{"name":"projects/341982203008/sites/henryfritz-30302","defaultUrl":"https://henryfritz-30302.web.app","type":"DEFAULT_SITE"},{"name":"projects/341982203008/sites/henryfritzxyz-int","defaultUrl":"https://henryfritzxyz-int.web.app","appId":"1:341982203008:web:1f0e1e3c371f87c1b0ea65","type":"USER_SITE"}]}
[debug] [2021-06-27T19:28:37.817Z] >>> [apiv2][query] GET https://firebase.googleapis.com/v1beta1/projects/henryfritz-30302/webApps/-/config [none]
[debug] [2021-06-27T19:28:38.352Z] <<< [apiv2][status] GET https://firebase.googleapis.com/v1beta1/projects/henryfritz-30302/webApps/-/config 200
[debug] [2021-06-27T19:28:38.352Z] <<< [apiv2][body] GET https://firebase.googleapis.com/v1beta1/projects/henryfritz-30302/webApps/-/config {"projectId":"henryfritz-30302","appId":"1:341982203008:web:1f0e1e3c371f87c1b0ea65","databaseURL":"https://henryfritz-30302.firebaseio.com","storageBucket":"henryfritz-30302.appspot.com","locationId":"us-central","apiKey":"AIzaSyBk9TVjG5eHYUbwm6e50fhQvpISSek-8Pg","authDomain":"henryfritz-30302.firebaseapp.com","messagingSenderId":"341982203008"}
[info] i  hosting: Serving hosting files from: public {"metadata":{"emulator":{"name":"hosting"},"message":"Serving hosting files from: \u001b[1mpublic\u001b[22m"}}
[info] +  hosting: Local server: http://localhost:5000 {"metadata":{"emulator":{"name":"hosting"},"message":"Local server: \u001b[4m\u001b[1mhttp://localhost:5000\u001b[22m\u001b[24m"}}
[debug] [2021-06-27T19:28:38.373Z] Ignoring unsupported arg: auto_download {"metadata":{"emulator":{"name":"ui"},"message":"Ignoring unsupported arg: auto_download"}}
[debug] [2021-06-27T19:28:38.374Z] Ignoring unsupported arg: port {"metadata":{"emulator":{"name":"ui"},"message":"Ignoring unsupported arg: port"}}
[debug] [2021-06-27T19:28:38.374Z] Starting Emulator UI with command {"binary":"node","args":["C:\\Users\\henry\\.cache\\firebase\\emulators\\ui-v1.5.0\\server.bundle.js"],"optionalArgs":[],"joinArgs":false} {"metadata":{"emulator":{"name":"ui"},"message":"Starting Emulator UI with command {\"binary\":\"node\",\"args\":[\"C:\\\\Users\\\\henry\\\\.cache\\\\firebase\\\\emulators\\\\ui-v1.5.0\\\\server.bundle.js\"],\"optionalArgs\":[],\"joinArgs\":false}"}}
[info] i  ui: Emulator UI logging to ui-debug.log {"metadata":{"emulator":{"name":"ui"},"message":"Emulator UI logging to \u001b[1mui-debug.log\u001b[22m"}}
[debug] [2021-06-27T19:28:38.486Z] Web / API server started at http://localhost:4000
 {"metadata":{"emulator":{"name":"ui"},"message":"Web / API server started at http://localhost:4000\n"}}
[info] i  functions: Watching "C:\Users\henry\Desktop\Web Projects\hfnyz\hfnyz\functions" for Cloud Functions... {"metadata":{"emulator":{"name":"functions"},"message":"Watching \"C:\\Users\\henry\\Desktop\\Web Projects\\hfnyz\\hfnyz\\functions\" for Cloud Functions..."}}
[debug] [2021-06-27T19:28:38.652Z] [worker-pool] addWorker(~diagnostic~) {"metadata":{"emulator":{"name":"functions"},"message":"[worker-pool] addWorker(~diagnostic~)"}}
[debug] [2021-06-27T19:28:38.652Z] [worker-pool] Adding worker with key ~diagnostic~, total=1 {"metadata":{"emulator":{"name":"functions"},"message":"[worker-pool] Adding worker with key ~diagnostic~, total=1"}}
[debug] [2021-06-27T19:28:38.652Z] [worker-pool] submitWork(triggerId=) {"metadata":{"emulator":{"name":"functions"},"message":"[worker-pool] submitWork(triggerId=)"}}
[debug] [2021-06-27T19:28:38.653Z] [worker-~diagnostic~-f2750240-8791-42d1-847c-dded92096020]: Assigning socketPath: \\?\pipe\C:\Users\henry\Desktop\Web Projects\hfnyz\hfnyz\functions\24216 {"metadata":{"emulator":{"name":"functions"},"message":"[worker-~diagnostic~-f2750240-8791-42d1-847c-dded92096020]: Assigning socketPath: \\\\?\\pipe\\C:\\Users\\henry\\Desktop\\Web Projects\\hfnyz\\hfnyz\\functions\\24216"}}
[debug] [2021-06-27T19:28:38.653Z] [worker-~diagnostic~-f2750240-8791-42d1-847c-dded92096020]: BUSY {"metadata":{"emulator":{"name":"functions"},"message":"[worker-~diagnostic~-f2750240-8791-42d1-847c-dded92096020]: BUSY"}}
[debug] [2021-06-27T19:28:38.831Z] [runtime-status] [24216] Functions runtime initialized. {"cwd":"C:\\Users\\henry\\Desktop\\Web Projects\\hfnyz\\hfnyz\\functions","node_version":"14.15.0"} {"metadata":{"emulator":{"name":"functions"},"message":"[runtime-status] [24216] Functions runtime initialized. {\"cwd\":\"C:\\\\Users\\\\henry\\\\Desktop\\\\Web Projects\\\\hfnyz\\\\hfnyz\\\\functions\",\"node_version\":\"14.15.0\"}"}}
[debug] [2021-06-27T19:28:38.832Z] [runtime-status] [24216] Disabled runtime features: undefined {"metadata":{"emulator":{"name":"functions"},"message":"[runtime-status] [24216] Disabled runtime features: undefined"}}
[debug] [2021-06-27T19:28:38.834Z] [runtime-status] [24216] Resolved module firebase-admin {"declared":true,"installed":true,"version":"9.10.0","resolution":"C:\\Users\\henry\\Desktop\\Web Projects\\hfnyz\\hfnyz\\functions\\node_modules\\firebase-admin\\lib\\index.js"} {"metadata":{"emulator":{"name":"functions"},"message":"[runtime-status] [24216] Resolved module firebase-admin {\"declared\":true,\"installed\":true,\"version\":\"9.10.0\",\"resolution\":\"C:\\\\Users\\\\henry\\\\Desktop\\\\Web Projects\\\\hfnyz\\\\hfnyz\\\\functions\\\\node_modules\\\\firebase-admin\\\\lib\\\\index.js\"}"}}
[debug] [2021-06-27T19:28:38.836Z] [runtime-status] [24216] Resolved module firebase-functions {"declared":true,"installed":true,"version":"3.14.1","resolution":"C:\\Users\\henry\\Desktop\\Web Projects\\hfnyz\\hfnyz\\functions\\node_modules\\firebase-functions\\lib\\index.js"} {"metadata":{"emulator":{"name":"functions"},"message":"[runtime-status] [24216] Resolved module firebase-functions {\"declared\":true,\"installed\":true,\"version\":\"3.14.1\",\"resolution\":\"C:\\\\Users\\\\henry\\\\Desktop\\\\Web Projects\\\\hfnyz\\\\hfnyz\\\\functions\\\\node_modules\\\\firebase-functions\\\\lib\\\\index.js\"}"}}
[debug] [2021-06-27T19:28:38.837Z] [runtime-status] [24216] Resolved module firebase-functions {"declared":true,"installed":true,"version":"3.14.1","resolution":"C:\\Users\\henry\\Desktop\\Web Projects\\hfnyz\\hfnyz\\functions\\node_modules\\firebase-functions\\lib\\index.js"} {"metadata":{"emulator":{"name":"functions"},"message":"[runtime-status] [24216] Resolved module firebase-functions {\"declared\":true,\"installed\":true,\"version\":\"3.14.1\",\"resolution\":\"C:\\\\Users\\\\henry\\\\Desktop\\\\Web Projects\\\\hfnyz\\\\hfnyz\\\\functions\\\\node_modules\\\\firebase-functions\\\\lib\\\\index.js\"}"}}
[debug] [2021-06-27T19:28:38.838Z] [runtime-status] [24216] Outgoing network have been stubbed. [{"name":"http","status":"mocked"},{"name":"http","status":"mocked"},{"name":"https","status":"mocked"},{"name":"https","status":"mocked"},{"name":"net","status":"mocked"}] {"metadata":{"emulator":{"name":"functions"},"message":"[runtime-status] [24216] Outgoing network have been stubbed. [{\"name\":\"http\",\"status\":\"mocked\"},{\"name\":\"http\",\"status\":\"mocked\"},{\"name\":\"https\",\"status\":\"mocked\"},{\"name\":\"https\",\"status\":\"mocked\"},{\"name\":\"net\",\"status\":\"mocked\"}]"}}
[debug] [2021-06-27T19:28:38.838Z] [runtime-status] [24216] Resolved module firebase-functions {"declared":true,"installed":true,"version":"3.14.1","resolution":"C:\\Users\\henry\\Desktop\\Web Projects\\hfnyz\\hfnyz\\functions\\node_modules\\firebase-functions\\lib\\index.js"} {"metadata":{"emulator":{"name":"functions"},"message":"[runtime-status] [24216] Resolved module firebase-functions {\"declared\":true,\"installed\":true,\"version\":\"3.14.1\",\"resolution\":\"C:\\\\Users\\\\henry\\\\Desktop\\\\Web Projects\\\\hfnyz\\\\hfnyz\\\\functions\\\\node_modules\\\\firebase-functions\\\\lib\\\\index.js\"}"}}
[debug] [2021-06-27T19:28:38.898Z] [runtime-status] [24216] Checked functions.config() {"config":{}} {"metadata":{"emulator":{"name":"functions"},"message":"[runtime-status] [24216] Checked functions.config() {\"config\":{}}"}}
[debug] [2021-06-27T19:28:38.898Z] [runtime-status] [24216] firebase-functions has been stubbed. {"functionsResolution":{"declared":true,"installed":true,"version":"3.14.1","resolution":"C:\\Users\\henry\\Desktop\\Web Projects\\hfnyz\\hfnyz\\functions\\node_modules\\firebase-functions\\lib\\index.js"}} {"metadata":{"emulator":{"name":"functions"},"message":"[runtime-status] [24216] firebase-functions has been stubbed. {\"functionsResolution\":{\"declared\":true,\"installed\":true,\"version\":\"3.14.1\",\"resolution\":\"C:\\\\Users\\\\henry\\\\Desktop\\\\Web Projects\\\\hfnyz\\\\hfnyz\\\\functions\\\\node_modules\\\\firebase-functions\\\\lib\\\\index.js\"}}"}}
[debug] [2021-06-27T19:28:38.899Z] [runtime-status] [24216] Resolved module firebase-functions {"declared":true,"installed":true,"version":"3.14.1","resolution":"C:\\Users\\henry\\Desktop\\Web Projects\\hfnyz\\hfnyz\\functions\\node_modules\\firebase-functions\\lib\\index.js"} {"metadata":{"emulator":{"name":"functions"},"message":"[runtime-status] [24216] Resolved module firebase-functions {\"declared\":true,\"installed\":true,\"version\":\"3.14.1\",\"resolution\":\"C:\\\\Users\\\\henry\\\\Desktop\\\\Web Projects\\\\hfnyz\\\\hfnyz\\\\functions\\\\node_modules\\\\firebase-functions\\\\lib\\\\index.js\"}"}}
[debug] [2021-06-27T19:28:38.900Z] [runtime-status] [24216] Resolved module firebase-admin {"declared":true,"installed":true,"version":"9.10.0","resolution":"C:\\Users\\henry\\Desktop\\Web Projects\\hfnyz\\hfnyz\\functions\\node_modules\\firebase-admin\\lib\\index.js"} {"metadata":{"emulator":{"name":"functions"},"message":"[runtime-status] [24216] Resolved module firebase-admin {\"declared\":true,\"installed\":true,\"version\":\"9.10.0\",\"resolution\":\"C:\\\\Users\\\\henry\\\\Desktop\\\\Web Projects\\\\hfnyz\\\\hfnyz\\\\functions\\\\node_modules\\\\firebase-admin\\\\lib\\\\index.js\"}"}}
[debug] [2021-06-27T19:28:38.900Z] [runtime-status] [24216] Resolved module firebase-functions {"declared":true,"installed":true,"version":"3.14.1","resolution":"C:\\Users\\henry\\Desktop\\Web Projects\\hfnyz\\hfnyz\\functions\\node_modules\\firebase-functions\\lib\\index.js"} {"metadata":{"emulator":{"name":"functions"},"message":"[runtime-status] [24216] Resolved module firebase-functions {\"declared\":true,\"installed\":true,\"version\":\"3.14.1\",\"resolution\":\"C:\\\\Users\\\\henry\\\\Desktop\\\\Web Projects\\\\hfnyz\\\\hfnyz\\\\functions\\\\node_modules\\\\firebase-functions\\\\lib\\\\index.js\"}"}}
[debug] [2021-06-27T19:28:38.900Z] [runtime-status] [24216] firebase-admin has been stubbed. {"adminResolution":{"declared":true,"installed":true,"version":"9.10.0","resolution":"C:\\Users\\henry\\Desktop\\Web Projects\\hfnyz\\hfnyz\\functions\\node_modules\\firebase-admin\\lib\\index.js"}} {"metadata":{"emulator":{"name":"functions"},"message":"[runtime-status] [24216] firebase-admin has been stubbed. {\"adminResolution\":{\"declared\":true,\"installed\":true,\"version\":\"9.10.0\",\"resolution\":\"C:\\\\Users\\\\henry\\\\Desktop\\\\Web Projects\\\\hfnyz\\\\hfnyz\\\\functions\\\\node_modules\\\\firebase-admin\\\\lib\\\\index.js\"}}"}}
[warn] !  Error: Cannot find module 'C:\Users\henry\Desktop\Web Projects\hfnyz\hfnyz\functions\lib\index.js'. Please verify that the package.json has a valid "main" entry
    at tryPackage (internal/modules/cjs/loader.js:303:19)
    at Function.Module._findPath (internal/modules/cjs/loader.js:516:18)
    at Function.Module._resolveFilename (internal/modules/cjs/loader.js:867:27)
    at Function.Module._load (internal/modules/cjs/loader.js:725:27)
    at Module.require (internal/modules/cjs/loader.js:952:19)
    at require (internal/modules/cjs/helpers.js:88:18)
    at initializeRuntime (C:\Users\henry\AppData\Roaming\npm\node_modules\firebase-tools\lib\emulator\functionsEmulatorRuntime.js:684:29)
    at processTicksAndRejections (internal/process/task_queues.js:93:5)
    at async handleMessage (C:\Users\henry\AppData\Roaming\npm\node_modules\firebase-tools\lib\emulator\functionsEmulatorRuntime.js:723:20) {"metadata":{"emulator":{"name":"functions"},"message":"Error: Cannot find module 'C:\\Users\\henry\\Desktop\\Web Projects\\hfnyz\\hfnyz\\functions\\lib\\index.js'. Please verify that the package.json has a valid \"main\" entry\n    at tryPackage (internal/modules/cjs/loader.js:303:19)\n    at Function.Module._findPath (internal/modules/cjs/loader.js:516:18)\n    at Function.Module._resolveFilename (internal/modules/cjs/loader.js:867:27)\n    at Function.Module._load (internal/modules/cjs/loader.js:725:27)\n    at Module.require (internal/modules/cjs/loader.js:952:19)\n    at require (internal/modules/cjs/helpers.js:88:18)\n    at initializeRuntime (C:\\Users\\henry\\AppData\\Roaming\\npm\\node_modules\\firebase-tools\\lib\\emulator\\functionsEmulatorRuntime.js:684:29)\n    at processTicksAndRejections (internal/process/task_queues.js:93:5)\n    at async handleMessage (C:\\Users\\henry\\AppData\\Roaming\\npm\\node_modules\\firebase-tools\\lib\\emulator\\functionsEmulatorRuntime.js:723:20)"}}
[warn] !  We were unable to load your functions code. (see above)
   - It appears your code is written in Typescript, which must be compiled before emulation.
   - You may be able to run "npm run build" in your functions directory to resolve this. {"metadata":{"emulator":{"name":"functions"}}}
[debug] [2021-06-27T19:28:38.927Z] [worker-~diagnostic~-f2750240-8791-42d1-847c-dded92096020]: exited {"metadata":{"emulator":{"name":"functions"},"message":"[worker-~diagnostic~-f2750240-8791-42d1-847c-dded92096020]: exited"}}
[debug] [2021-06-27T19:28:38.927Z] [worker-~diagnostic~-f2750240-8791-42d1-847c-dded92096020]: FINISHED {"metadata":{"emulator":{"name":"functions"},"message":"[worker-~diagnostic~-f2750240-8791-42d1-847c-dded92096020]: FINISHED"}}
[debug] [2021-06-27T19:29:32.289Z] File C:\Users\henry\Desktop\Web Projects\hfnyz\hfnyz\functions\src\index.ts changed, reloading triggers {"metadata":{"emulator":{"name":"functions"},"message":"File C:\\Users\\henry\\Desktop\\Web Projects\\hfnyz\\hfnyz\\functions\\src\\index.ts changed, reloading triggers"}}
[debug] [2021-06-27T19:29:33.301Z] [worker-pool] Cleaned up workers for ~diagnostic~: 1 --> 0 {"metadata":{"emulator":{"name":"functions"},"message":"[worker-pool] Cleaned up workers for ~diagnostic~: 1 --> 0"}}
[debug] [2021-06-27T19:29:33.305Z] [worker-pool] addWorker(~diagnostic~) {"metadata":{"emulator":{"name":"functions"},"message":"[worker-pool] addWorker(~diagnostic~)"}}
[debug] [2021-06-27T19:29:33.305Z] [worker-pool] Adding worker with key ~diagnostic~, total=1 {"metadata":{"emulator":{"name":"functions"},"message":"[worker-pool] Adding worker with key ~diagnostic~, total=1"}}
[debug] [2021-06-27T19:29:33.305Z] [worker-pool] submitWork(triggerId=) {"metadata":{"emulator":{"name":"functions"},"message":"[worker-pool] submitWork(triggerId=)"}}
[debug] [2021-06-27T19:29:33.305Z] [worker-~diagnostic~-d62e2ca7-a949-4a51-8c6f-d0f425ecdb16]: Assigning socketPath: \\?\pipe\C:\Users\henry\Desktop\Web Projects\hfnyz\hfnyz\functions\17440 {"metadata":{"emulator":{"name":"functions"},"message":"[worker-~diagnostic~-d62e2ca7-a949-4a51-8c6f-d0f425ecdb16]: Assigning socketPath: \\\\?\\pipe\\C:\\Users\\henry\\Desktop\\Web Projects\\hfnyz\\hfnyz\\functions\\17440"}}
[debug] [2021-06-27T19:29:33.305Z] [worker-~diagnostic~-d62e2ca7-a949-4a51-8c6f-d0f425ecdb16]: BUSY {"metadata":{"emulator":{"name":"functions"},"message":"[worker-~diagnostic~-d62e2ca7-a949-4a51-8c6f-d0f425ecdb16]: BUSY"}}
[debug] [2021-06-27T19:29:33.546Z] [runtime-status] [17440] Functions runtime initialized. {"cwd":"C:\\Users\\henry\\Desktop\\Web Projects\\hfnyz\\hfnyz\\functions","node_version":"14.15.0"} {"metadata":{"emulator":{"name":"functions"},"message":"[runtime-status] [17440] Functions runtime initialized. {\"cwd\":\"C:\\\\Users\\\\henry\\\\Desktop\\\\Web Projects\\\\hfnyz\\\\hfnyz\\\\functions\",\"node_version\":\"14.15.0\"}"}}
[debug] [2021-06-27T19:29:33.547Z] [runtime-status] [17440] Disabled runtime features: undefined {"metadata":{"emulator":{"name":"functions"},"message":"[runtime-status] [17440] Disabled runtime features: undefined"}}
[debug] [2021-06-27T19:29:33.551Z] [runtime-status] [17440] Resolved module firebase-admin {"declared":true,"installed":true,"version":"9.10.0","resolution":"C:\\Users\\henry\\Desktop\\Web Projects\\hfnyz\\hfnyz\\functions\\node_modules\\firebase-admin\\lib\\index.js"} {"metadata":{"emulator":{"name":"functions"},"message":"[runtime-status] [17440] Resolved module firebase-admin {\"declared\":true,\"installed\":true,\"version\":\"9.10.0\",\"resolution\":\"C:\\\\Users\\\\henry\\\\Desktop\\\\Web Projects\\\\hfnyz\\\\hfnyz\\\\functions\\\\node_modules\\\\firebase-admin\\\\lib\\\\index.js\"}"}}
[debug] [2021-06-27T19:29:33.552Z] [runtime-status] [17440] Resolved module firebase-functions {"declared":true,"installed":true,"version":"3.14.1","resolution":"C:\\Users\\henry\\Desktop\\Web Projects\\hfnyz\\hfnyz\\functions\\node_modules\\firebase-functions\\lib\\index.js"} {"metadata":{"emulator":{"name":"functions"},"message":"[runtime-status] [17440] Resolved module firebase-functions {\"declared\":true,\"installed\":true,\"version\":\"3.14.1\",\"resolution\":\"C:\\\\Users\\\\henry\\\\Desktop\\\\Web Projects\\\\hfnyz\\\\hfnyz\\\\functions\\\\node_modules\\\\firebase-functions\\\\lib\\\\index.js\"}"}}
[debug] [2021-06-27T19:29:33.554Z] [runtime-status] [17440] Resolved module firebase-functions {"declared":true,"installed":true,"version":"3.14.1","resolution":"C:\\Users\\henry\\Desktop\\Web Projects\\hfnyz\\hfnyz\\functions\\node_modules\\firebase-functions\\lib\\index.js"} {"metadata":{"emulator":{"name":"functions"},"message":"[runtime-status] [17440] Resolved module firebase-functions {\"declared\":true,\"installed\":true,\"version\":\"3.14.1\",\"resolution\":\"C:\\\\Users\\\\henry\\\\Desktop\\\\Web Projects\\\\hfnyz\\\\hfnyz\\\\functions\\\\node_modules\\\\firebase-functions\\\\lib\\\\index.js\"}"}}
[debug] [2021-06-27T19:29:33.555Z] [runtime-status] [17440] Outgoing network have been stubbed. [{"name":"http","status":"mocked"},{"name":"http","status":"mocked"},{"name":"https","status":"mocked"},{"name":"https","status":"mocked"},{"name":"net","status":"mocked"}] {"metadata":{"emulator":{"name":"functions"},"message":"[runtime-status] [17440] Outgoing network have been stubbed. [{\"name\":\"http\",\"status\":\"mocked\"},{\"name\":\"http\",\"status\":\"mocked\"},{\"name\":\"https\",\"status\":\"mocked\"},{\"name\":\"https\",\"status\":\"mocked\"},{\"name\":\"net\",\"status\":\"mocked\"}]"}}
[debug] [2021-06-27T19:29:33.556Z] [runtime-status] [17440] Resolved module firebase-functions {"declared":true,"installed":true,"version":"3.14.1","resolution":"C:\\Users\\henry\\Desktop\\Web Projects\\hfnyz\\hfnyz\\functions\\node_modules\\firebase-functions\\lib\\index.js"} {"metadata":{"emulator":{"name":"functions"},"message":"[runtime-status] [17440] Resolved module firebase-functions {\"declared\":true,\"installed\":true,\"version\":\"3.14.1\",\"resolution\":\"C:\\\\Users\\\\henry\\\\Desktop\\\\Web Projects\\\\hfnyz\\\\hfnyz\\\\functions\\\\node_modules\\\\firebase-functions\\\\lib\\\\index.js\"}"}}
[debug] [2021-06-27T19:29:33.610Z] [runtime-status] [17440] Checked functions.config() {"config":{}} {"metadata":{"emulator":{"name":"functions"},"message":"[runtime-status] [17440] Checked functions.config() {\"config\":{}}"}}
[debug] [2021-06-27T19:29:33.610Z] [runtime-status] [17440] firebase-functions has been stubbed. {"functionsResolution":{"declared":true,"installed":true,"version":"3.14.1","resolution":"C:\\Users\\henry\\Desktop\\Web Projects\\hfnyz\\hfnyz\\functions\\node_modules\\firebase-functions\\lib\\index.js"}} {"metadata":{"emulator":{"name":"functions"},"message":"[runtime-status] [17440] firebase-functions has been stubbed. {\"functionsResolution\":{\"declared\":true,\"installed\":true,\"version\":\"3.14.1\",\"resolution\":\"C:\\\\Users\\\\henry\\\\Desktop\\\\Web Projects\\\\hfnyz\\\\hfnyz\\\\functions\\\\node_modules\\\\firebase-functions\\\\lib\\\\index.js\"}}"}}
[debug] [2021-06-27T19:29:33.611Z] [runtime-status] [17440] Resolved module firebase-functions {"declared":true,"installed":true,"version":"3.14.1","resolution":"C:\\Users\\henry\\Desktop\\Web Projects\\hfnyz\\hfnyz\\functions\\node_modules\\firebase-functions\\lib\\index.js"} {"metadata":{"emulator":{"name":"functions"},"message":"[runtime-status] [17440] Resolved module firebase-functions {\"declared\":true,\"installed\":true,\"version\":\"3.14.1\",\"resolution\":\"C:\\\\Users\\\\henry\\\\Desktop\\\\Web Projects\\\\hfnyz\\\\hfnyz\\\\functions\\\\node_modules\\\\firebase-functions\\\\lib\\\\index.js\"}"}}
[debug] [2021-06-27T19:29:33.612Z] [runtime-status] [17440] Resolved module firebase-admin {"declared":true,"installed":true,"version":"9.10.0","resolution":"C:\\Users\\henry\\Desktop\\Web Projects\\hfnyz\\hfnyz\\functions\\node_modules\\firebase-admin\\lib\\index.js"} {"metadata":{"emulator":{"name":"functions"},"message":"[runtime-status] [17440] Resolved module firebase-admin {\"declared\":true,\"installed\":true,\"version\":\"9.10.0\",\"resolution\":\"C:\\\\Users\\\\henry\\\\Desktop\\\\Web Projects\\\\hfnyz\\\\hfnyz\\\\functions\\\\node_modules\\\\firebase-admin\\\\lib\\\\index.js\"}"}}
[debug] [2021-06-27T19:29:33.612Z] [runtime-status] [17440] Resolved module firebase-functions {"declared":true,"installed":true,"version":"3.14.1","resolution":"C:\\Users\\henry\\Desktop\\Web Projects\\hfnyz\\hfnyz\\functions\\node_modules\\firebase-functions\\lib\\index.js"} {"metadata":{"emulator":{"name":"functions"},"message":"[runtime-status] [17440] Resolved module firebase-functions {\"declared\":true,\"installed\":true,\"version\":\"3.14.1\",\"resolution\":\"C:\\\\Users\\\\henry\\\\Desktop\\\\Web Projects\\\\hfnyz\\\\hfnyz\\\\functions\\\\node_modules\\\\firebase-functions\\\\lib\\\\index.js\"}"}}
[debug] [2021-06-27T19:29:33.612Z] [runtime-status] [17440] firebase-admin has been stubbed. {"adminResolution":{"declared":true,"installed":true,"version":"9.10.0","resolution":"C:\\Users\\henry\\Desktop\\Web Projects\\hfnyz\\hfnyz\\functions\\node_modules\\firebase-admin\\lib\\index.js"}} {"metadata":{"emulator":{"name":"functions"},"message":"[runtime-status] [17440] firebase-admin has been stubbed. {\"adminResolution\":{\"declared\":true,\"installed\":true,\"version\":\"9.10.0\",\"resolution\":\"C:\\\\Users\\\\henry\\\\Desktop\\\\Web Projects\\\\hfnyz\\\\hfnyz\\\\functions\\\\node_modules\\\\firebase-admin\\\\lib\\\\index.js\"}}"}}
[warn] !  Error: Cannot find module 'C:\Users\henry\Desktop\Web Projects\hfnyz\hfnyz\functions\lib\index.js'. Please verify that the package.json has a valid "main" entry
    at tryPackage (internal/modules/cjs/loader.js:303:19)
    at Function.Module._findPath (internal/modules/cjs/loader.js:516:18)
    at Function.Module._resolveFilename (internal/modules/cjs/loader.js:867:27)
    at Function.Module._load (internal/modules/cjs/loader.js:725:27)
    at Module.require (internal/modules/cjs/loader.js:952:19)
    at require (internal/modules/cjs/helpers.js:88:18)
    at initializeRuntime (C:\Users\henry\AppData\Roaming\npm\node_modules\firebase-tools\lib\emulator\functionsEmulatorRuntime.js:684:29)
    at processTicksAndRejections (internal/process/task_queues.js:93:5)
    at async handleMessage (C:\Users\henry\AppData\Roaming\npm\node_modules\firebase-tools\lib\emulator\functionsEmulatorRuntime.js:723:20) {"metadata":{"emulator":{"name":"functions"},"message":"Error: Cannot find module 'C:\\Users\\henry\\Desktop\\Web Projects\\hfnyz\\hfnyz\\functions\\lib\\index.js'. Please verify that the package.json has a valid \"main\" entry\n    at tryPackage (internal/modules/cjs/loader.js:303:19)\n    at Function.Module._findPath (internal/modules/cjs/loader.js:516:18)\n    at Function.Module._resolveFilename (internal/modules/cjs/loader.js:867:27)\n    at Function.Module._load (internal/modules/cjs/loader.js:725:27)\n    at Module.require (internal/modules/cjs/loader.js:952:19)\n    at require (internal/modules/cjs/helpers.js:88:18)\n    at initializeRuntime (C:\\Users\\henry\\AppData\\Roaming\\npm\\node_modules\\firebase-tools\\lib\\emulator\\functionsEmulatorRuntime.js:684:29)\n    at processTicksAndRejections (internal/process/task_queues.js:93:5)\n    at async handleMessage (C:\\Users\\henry\\AppData\\Roaming\\npm\\node_modules\\firebase-tools\\lib\\emulator\\functionsEmulatorRuntime.js:723:20)"}}
[warn] !  We were unable to load your functions code. (see above)
   - It appears your code is written in Typescript, which must be compiled before emulation.
   - You may be able to run "npm run build" in your functions directory to resolve this. {"metadata":{"emulator":{"name":"functions"}}}
[debug] [2021-06-27T19:29:33.640Z] [worker-~diagnostic~-d62e2ca7-a949-4a51-8c6f-d0f425ecdb16]: exited {"metadata":{"emulator":{"name":"functions"},"message":"[worker-~diagnostic~-d62e2ca7-a949-4a51-8c6f-d0f425ecdb16]: exited"}}
[debug] [2021-06-27T19:29:33.640Z] [worker-~diagnostic~-d62e2ca7-a949-4a51-8c6f-d0f425ecdb16]: FINISHED {"metadata":{"emulator":{"name":"functions"},"message":"[worker-~diagnostic~-d62e2ca7-a949-4a51-8c6f-d0f425ecdb16]: FINISHED"}}
